==32885== Memcheck, a memory error detector
==32885== Copyright (C) 2002-2017, and GNU GPL'd, by Julian Seward et al.
==32885== Using Valgrind-3.18.1 and LibVEX; rerun with -h for copyright info
==32885== Command: ./minishell
==32885== Parent PID: 32601
==32885== 
==32885== Invalid read of size 1
==32885==    at 0x10B804: check_if_empty (in /home/sebasari/Desktop/myshell/minishell)
==32885==    by 0x10B843: main (in /home/sebasari/Desktop/myshell/minishell)
==32885==  Address 0x0 is not stack'd, malloc'd or (recently) free'd
==32885== 
==32885== 
==32885== Process terminating with default action of signal 11 (SIGSEGV)
==32885==  Access not within mapped region at address 0x0
==32885==    at 0x10B804: check_if_empty (in /home/sebasari/Desktop/myshell/minishell)
==32885==    by 0x10B843: main (in /home/sebasari/Desktop/myshell/minishell)
==32885==  If you believe this happened as a result of a stack
==32885==  overflow in your program's main thread (unlikely but
==32885==  possible), you can try to increase the size of the
==32885==  main thread stack using the --main-stacksize= flag.
==32885==  The main thread stack size used in this run was 8388608.
==32885== 
==32885== HEAP SUMMARY:
==32885==     in use at exit: 218,169 bytes in 307 blocks
==32885==   total heap usage: 556 allocs, 249 frees, 240,247 bytes allocated
==32885== 
==32885== 8 bytes in 1 blocks are still reachable in loss record 1 of 100
==32885==    at 0x4848899: malloc (in /usr/libexec/valgrind/vgpreload_memcheck-amd64-linux.so)
==32885==    by 0x496658E: strdup (strdup.c:42)
==32885==    by 0x4B04D17: _nc_trim_sgr0 (in /usr/lib/x86_64-linux-gnu/libtinfo.so.6.3)
==32885==    by 0x4B036A8: tgetent_sp (in /usr/lib/x86_64-linux-gnu/libtinfo.so.6.3)
==32885==    by 0x489F1CD: _rl_init_terminal_io (in /usr/lib/x86_64-linux-gnu/libreadline.so.8.1)
==32885==    by 0x488BA0F: rl_initialize (in /usr/lib/x86_64-linux-gnu/libreadline.so.8.1)
==32885==    by 0x488BCD4: readline (in /usr/lib/x86_64-linux-gnu/libreadline.so.8.1)
==32885==    by 0x10B833: main (in /home/sebasari/Desktop/myshell/minishell)
==32885== 
==32885== 8 bytes in 1 blocks are still reachable in loss record 2 of 100
==32885==    at 0x484DCD3: realloc (in /usr/libexec/valgrind/vgpreload_memcheck-amd64-linux.so)
==32885==    by 0x48A4491: xrealloc (in /usr/lib/x86_64-linux-gnu/libreadline.so.8.1)
==32885==    by 0x4890626: ??? (in /usr/lib/x86_64-linux-gnu/libreadline.so.8.1)
==32885==    by 0x4890E0D: rl_expand_prompt (in /usr/lib/x86_64-linux-gnu/libreadline.so.8.1)
==32885==    by 0x48801BF: rl_set_prompt (in /usr/lib/x86_64-linux-gnu/libreadline.so.8.1)
==32885==    by 0x488BCCF: readline (in /usr/lib/x86_64-linux-gnu/libreadline.so.8.1)
==32885==    by 0x10B833: main (in /home/sebasari/Desktop/myshell/minishell)
==32885== 
==32885== 9 bytes in 1 blocks are still reachable in loss record 3 of 100
==32885==    at 0x4848899: malloc (in /usr/libexec/valgrind/vgpreload_memcheck-amd64-linux.so)
==32885==    by 0x490303F: __add_to_environ (setenv.c:217)
==32885==    by 0x48543FF: setenv (in /usr/libexec/valgrind/vgpreload_memcheck-amd64-linux.so)
==32885==    by 0x48A3005: sh_set_lines_and_columns (in /usr/lib/x86_64-linux-gnu/libreadline.so.8.1)
==32885==    by 0x489DAF7: _rl_get_screen_size (in /usr/lib/x86_64-linux-gnu/libreadline.so.8.1)
==32885==    by 0x4890AB8: ??? (in /usr/lib/x86_64-linux-gnu/libreadline.so.8.1)
==32885==    by 0x4890E0D: rl_expand_prompt (in /usr/lib/x86_64-linux-gnu/libreadline.so.8.1)
==32885==    by 0x48801BF: rl_set_prompt (in /usr/lib/x86_64-linux-gnu/libreadline.so.8.1)
==32885==    by 0x488BCCF: readline (in /usr/lib/x86_64-linux-gnu/libreadline.so.8.1)
==32885==    by 0x10B833: main (in /home/sebasari/Desktop/myshell/minishell)
==32885== 
==32885== 11 bytes in 1 blocks are still reachable in loss record 4 of 100
==32885==    at 0x4848899: malloc (in /usr/libexec/valgrind/vgpreload_memcheck-amd64-linux.so)
==32885==    by 0x49665CE: strndup (strndup.c:43)
==32885==    by 0x48F5814: _nl_find_locale (findlocale.c:310)
==32885==    by 0x48F4A90: setlocale (setlocale.c:414)
==32885==    by 0x48F4A90: setlocale (setlocale.c:217)
==32885==    by 0x489DC45: _rl_init_locale (in /usr/lib/x86_64-linux-gnu/libreadline.so.8.1)
==32885==    by 0x489DD2C: _rl_init_eightbit (in /usr/lib/x86_64-linux-gnu/libreadline.so.8.1)
==32885==    by 0x488BA31: rl_initialize (in /usr/lib/x86_64-linux-gnu/libreadline.so.8.1)
==32885==    by 0x488BCD4: readline (in /usr/lib/x86_64-linux-gnu/libreadline.so.8.1)
==32885==    by 0x10B833: main (in /home/sebasari/Desktop/myshell/minishell)
==32885== 
==32885== 12 bytes in 1 blocks are still reachable in loss record 5 of 100
==32885==    at 0x4848899: malloc (in /usr/libexec/valgrind/vgpreload_memcheck-amd64-linux.so)
==32885==    by 0x48A3BAC: xmalloc (in /usr/lib/x86_64-linux-gnu/libreadline.so.8.1)
==32885==    by 0x48801E3: rl_set_prompt (in /usr/lib/x86_64-linux-gnu/libreadline.so.8.1)
==32885==    by 0x488BCCF: readline (in /usr/lib/x86_64-linux-gnu/libreadline.so.8.1)
==32885==    by 0x10B833: main (in /home/sebasari/Desktop/myshell/minishell)
==32885== 
==32885== 12 bytes in 1 blocks are still reachable in loss record 6 of 100
==32885==    at 0x4848899: malloc (in /usr/libexec/valgrind/vgpreload_memcheck-amd64-linux.so)
==32885==    by 0x490303F: __add_to_environ (setenv.c:217)
==32885==    by 0x48543FF: setenv (in /usr/libexec/valgrind/vgpreload_memcheck-amd64-linux.so)
==32885==    by 0x489DAF7: _rl_get_screen_size (in /usr/lib/x86_64-linux-gnu/libreadline.so.8.1)
==32885==    by 0x4890AB8: ??? (in /usr/lib/x86_64-linux-gnu/libreadline.so.8.1)
==32885==    by 0x4890E0D: rl_expand_prompt (in /usr/lib/x86_64-linux-gnu/libreadline.so.8.1)
==32885==    by 0x48801BF: rl_set_prompt (in /usr/lib/x86_64-linux-gnu/libreadline.so.8.1)
==32885==    by 0x488BCCF: readline (in /usr/lib/x86_64-linux-gnu/libreadline.so.8.1)
==32885==    by 0x10B833: main (in /home/sebasari/Desktop/myshell/minishell)
==32885== 
==32885== 12 bytes in 1 blocks are still reachable in loss record 7 of 100
==32885==    at 0x4848899: malloc (in /usr/libexec/valgrind/vgpreload_memcheck-amd64-linux.so)
==32885==    by 0x496658E: strdup (strdup.c:42)
==32885==    by 0x48F4ACA: setlocale (setlocale.c:431)
==32885==    by 0x48F4ACA: setlocale (setlocale.c:217)
==32885==    by 0x489DC45: _rl_init_locale (in /usr/lib/x86_64-linux-gnu/libreadline.so.8.1)
==32885==    by 0x489DD2C: _rl_init_eightbit (in /usr/lib/x86_64-linux-gnu/libreadline.so.8.1)
==32885==    by 0x488BA31: rl_initialize (in /usr/lib/x86_64-linux-gnu/libreadline.so.8.1)
==32885==    by 0x488BCD4: readline (in /usr/lib/x86_64-linux-gnu/libreadline.so.8.1)
==32885==    by 0x10B833: main (in /home/sebasari/Desktop/myshell/minishell)
==32885== 
==32885== 12 bytes in 1 blocks are still reachable in loss record 8 of 100
==32885==    at 0x4848899: malloc (in /usr/libexec/valgrind/vgpreload_memcheck-amd64-linux.so)
==32885==    by 0x48A3BAC: xmalloc (in /usr/lib/x86_64-linux-gnu/libreadline.so.8.1)
==32885==    by 0x48905F2: ??? (in /usr/lib/x86_64-linux-gnu/libreadline.so.8.1)
==32885==    by 0x4890E0D: rl_expand_prompt (in /usr/lib/x86_64-linux-gnu/libreadline.so.8.1)
==32885==    by 0x48801BF: rl_set_prompt (in /usr/lib/x86_64-linux-gnu/libreadline.so.8.1)
==32885==    by 0x488BCCF: readline (in /usr/lib/x86_64-linux-gnu/libreadline.so.8.1)
==32885==    by 0x10B833: main (in /home/sebasari/Desktop/myshell/minishell)
==32885== 
==32885== 13 bytes in 1 blocks are still reachable in loss record 9 of 100
==32885==    at 0x4848899: malloc (in /usr/libexec/valgrind/vgpreload_memcheck-amd64-linux.so)
==32885==    by 0x48A3BAC: xmalloc (in /usr/lib/x86_64-linux-gnu/libreadline.so.8.1)
==32885==    by 0x4891BF5: ??? (in /usr/lib/x86_64-linux-gnu/libreadline.so.8.1)
==32885==    by 0x488BA38: rl_initialize (in /usr/lib/x86_64-linux-gnu/libreadline.so.8.1)
==32885==    by 0x488BCD4: readline (in /usr/lib/x86_64-linux-gnu/libreadline.so.8.1)
==32885==    by 0x10B833: main (in /home/sebasari/Desktop/myshell/minishell)
==32885== 
==32885== 13 bytes in 3 blocks are still reachable in loss record 10 of 100
==32885==    at 0x4848899: malloc (in /usr/libexec/valgrind/vgpreload_memcheck-amd64-linux.so)
==32885==    by 0x48A3BAC: xmalloc (in /usr/lib/x86_64-linux-gnu/libreadline.so.8.1)
==32885==    by 0x489AB39: alloc_history_entry (in /usr/lib/x86_64-linux-gnu/libreadline.so.8.1)
==32885==    by 0x489CF65: add_history (in /usr/lib/x86_64-linux-gnu/libreadline.so.8.1)
==32885==    by 0x10B860: main (in /home/sebasari/Desktop/myshell/minishell)
==32885== 
==32885== 13 bytes in 3 blocks are indirectly lost in loss record 11 of 100
==32885==    at 0x4848899: malloc (in /usr/libexec/valgrind/vgpreload_memcheck-amd64-linux.so)
==32885==    by 0x1095E9: ft_tokanazition (in /home/sebasari/Desktop/myshell/minishell)
==32885==    by 0x10947B: parse_init (in /home/sebasari/Desktop/myshell/minishell)
==32885==    by 0x10B53D: adjsut_all (in /home/sebasari/Desktop/myshell/minishell)
==32885==    by 0x10B854: main (in /home/sebasari/Desktop/myshell/minishell)
==32885== 
==32885== 13 bytes in 3 blocks are indirectly lost in loss record 12 of 100
==32885==    at 0x4848899: malloc (in /usr/libexec/valgrind/vgpreload_memcheck-amd64-linux.so)
==32885==    by 0x10BB29: ft_strdup (in /home/sebasari/Desktop/myshell/minishell)
==32885==    by 0x10A745: add_arguments (in /home/sebasari/Desktop/myshell/minishell)
==32885==    by 0x10A9DF: parse (in /home/sebasari/Desktop/myshell/minishell)
==32885==    by 0x1094E7: parse_init (in /home/sebasari/Desktop/myshell/minishell)
==32885==    by 0x10B53D: adjsut_all (in /home/sebasari/Desktop/myshell/minishell)
==32885==    by 0x10B854: main (in /home/sebasari/Desktop/myshell/minishell)
==32885== 
==32885== 13 bytes in 3 blocks are definitely lost in loss record 13 of 100
==32885==    at 0x4848899: malloc (in /usr/libexec/valgrind/vgpreload_memcheck-amd64-linux.so)
==32885==    by 0x48A3BAC: xmalloc (in /usr/lib/x86_64-linux-gnu/libreadline.so.8.1)
==32885==    by 0x4881694: readline_internal_teardown (in /usr/lib/x86_64-linux-gnu/libreadline.so.8.1)
==32885==    by 0x488BD2A: readline (in /usr/lib/x86_64-linux-gnu/libreadline.so.8.1)
==32885==    by 0x10B833: main (in /home/sebasari/Desktop/myshell/minishell)
==32885== 
==32885== 13 bytes in 3 blocks are definitely lost in loss record 14 of 100
==32885==    at 0x4848899: malloc (in /usr/libexec/valgrind/vgpreload_memcheck-amd64-linux.so)
==32885==    by 0x10BF26: ft_strtrim (in /home/sebasari/Desktop/myshell/minishell)
==32885==    by 0x10944F: parse_init (in /home/sebasari/Desktop/myshell/minishell)
==32885==    by 0x10B53D: adjsut_all (in /home/sebasari/Desktop/myshell/minishell)
==32885==    by 0x10B854: main (in /home/sebasari/Desktop/myshell/minishell)
==32885== 
==32885== 14 bytes in 1 blocks are still reachable in loss record 15 of 100
==32885==    at 0x484DCD3: realloc (in /usr/libexec/valgrind/vgpreload_memcheck-amd64-linux.so)
==32885==    by 0x4AF76CC: _nc_doalloc (in /usr/lib/x86_64-linux-gnu/libtinfo.so.6.3)
==32885==    by 0x4AFE272: _nc_tiparm (in /usr/lib/x86_64-linux-gnu/libtinfo.so.6.3)
==32885==    by 0x4B04C7D: ??? (in /usr/lib/x86_64-linux-gnu/libtinfo.so.6.3)
==32885==    by 0x4B04D09: _nc_trim_sgr0 (in /usr/lib/x86_64-linux-gnu/libtinfo.so.6.3)
==32885==    by 0x4B036A8: tgetent_sp (in /usr/lib/x86_64-linux-gnu/libtinfo.so.6.3)
==32885==    by 0x489F1CD: _rl_init_terminal_io (in /usr/lib/x86_64-linux-gnu/libreadline.so.8.1)
==32885==    by 0x488BA0F: rl_initialize (in /usr/lib/x86_64-linux-gnu/libreadline.so.8.1)
==32885==    by 0x488BCD4: readline (in /usr/lib/x86_64-linux-gnu/libreadline.so.8.1)
==32885==    by 0x10B833: main (in /home/sebasari/Desktop/myshell/minishell)
==32885== 
==32885== 15 bytes in 1 blocks are still reachable in loss record 16 of 100
==32885==    at 0x4848899: malloc (in /usr/libexec/valgrind/vgpreload_memcheck-amd64-linux.so)
==32885==    by 0x496658E: strdup (strdup.c:42)
==32885==    by 0x4AF6377: ??? (in /usr/lib/x86_64-linux-gnu/libtinfo.so.6.3)
==32885==    by 0x4AF8BF8: _nc_first_db (in /usr/lib/x86_64-linux-gnu/libtinfo.so.6.3)
==32885==    by 0x4B02696: _nc_read_entry2 (in /usr/lib/x86_64-linux-gnu/libtinfo.so.6.3)
==32885==    by 0x4B02711: ??? (in /usr/lib/x86_64-linux-gnu/libtinfo.so.6.3)
==32885==    by 0x4B02866: _nc_setupterm (in /usr/lib/x86_64-linux-gnu/libtinfo.so.6.3)
==32885==    by 0x4B034C9: tgetent_sp (in /usr/lib/x86_64-linux-gnu/libtinfo.so.6.3)
==32885==    by 0x489F1CD: _rl_init_terminal_io (in /usr/lib/x86_64-linux-gnu/libreadline.so.8.1)
==32885==    by 0x488BA0F: rl_initialize (in /usr/lib/x86_64-linux-gnu/libreadline.so.8.1)
==32885==    by 0x488BCD4: readline (in /usr/lib/x86_64-linux-gnu/libreadline.so.8.1)
==32885==    by 0x10B833: main (in /home/sebasari/Desktop/myshell/minishell)
==32885== 
==32885== 15 bytes in 1 blocks are still reachable in loss record 17 of 100
==32885==    at 0x4848899: malloc (in /usr/libexec/valgrind/vgpreload_memcheck-amd64-linux.so)
==32885==    by 0x496658E: strdup (strdup.c:42)
==32885==    by 0x4B028AE: _nc_setupterm (in /usr/lib/x86_64-linux-gnu/libtinfo.so.6.3)
==32885==    by 0x4B034C9: tgetent_sp (in /usr/lib/x86_64-linux-gnu/libtinfo.so.6.3)
==32885==    by 0x489F1CD: _rl_init_terminal_io (in /usr/lib/x86_64-linux-gnu/libreadline.so.8.1)
==32885==    by 0x488BA0F: rl_initialize (in /usr/lib/x86_64-linux-gnu/libreadline.so.8.1)
==32885==    by 0x488BCD4: readline (in /usr/lib/x86_64-linux-gnu/libreadline.so.8.1)
==32885==    by 0x10B833: main (in /home/sebasari/Desktop/myshell/minishell)
==32885== 
==32885== 16 bytes in 1 blocks are still reachable in loss record 18 of 100
==32885==    at 0x4848899: malloc (in /usr/libexec/valgrind/vgpreload_memcheck-amd64-linux.so)
==32885==    by 0x488BB26: rl_initialize (in /usr/lib/x86_64-linux-gnu/libreadline.so.8.1)
==32885==    by 0x488BCD4: readline (in /usr/lib/x86_64-linux-gnu/libreadline.so.8.1)
==32885==    by 0x10B833: main (in /home/sebasari/Desktop/myshell/minishell)
==32885== 
==32885== 20 bytes in 1 blocks are still reachable in loss record 19 of 100
==32885==    at 0x4848899: malloc (in /usr/libexec/valgrind/vgpreload_memcheck-amd64-linux.so)
==32885==    by 0x48A3BAC: xmalloc (in /usr/lib/x86_64-linux-gnu/libreadline.so.8.1)
==32885==    by 0x488ED8B: ??? (in /usr/lib/x86_64-linux-gnu/libreadline.so.8.1)
==32885==    by 0x48916C9: rl_parse_and_bind (in /usr/lib/x86_64-linux-gnu/libreadline.so.8.1)
==32885==    by 0x4891B6C: ??? (in /usr/lib/x86_64-linux-gnu/libreadline.so.8.1)
==32885==    by 0x488BA38: rl_initialize (in /usr/lib/x86_64-linux-gnu/libreadline.so.8.1)
==32885==    by 0x488BCD4: readline (in /usr/lib/x86_64-linux-gnu/libreadline.so.8.1)
==32885==    by 0x10B833: main (in /home/sebasari/Desktop/myshell/minishell)
==32885== 
==32885== 24 bytes in 1 blocks are still reachable in loss record 20 of 100
==32885==    at 0x4848899: malloc (in /usr/libexec/valgrind/vgpreload_memcheck-amd64-linux.so)
==32885==    by 0x49DDF34: tsearch (tsearch.c:337)
==32885==    by 0x490306A: __add_to_environ (setenv.c:233)
==32885==    by 0x48543FF: setenv (in /usr/libexec/valgrind/vgpreload_memcheck-amd64-linux.so)
==32885==    by 0x48A3005: sh_set_lines_and_columns (in /usr/lib/x86_64-linux-gnu/libreadline.so.8.1)
==32885==    by 0x489DAF7: _rl_get_screen_size (in /usr/lib/x86_64-linux-gnu/libreadline.so.8.1)
==32885==    by 0x4890AB8: ??? (in /usr/lib/x86_64-linux-gnu/libreadline.so.8.1)
==32885==    by 0x4890E0D: rl_expand_prompt (in /usr/lib/x86_64-linux-gnu/libreadline.so.8.1)
==32885==    by 0x48801BF: rl_set_prompt (in /usr/lib/x86_64-linux-gnu/libreadline.so.8.1)
==32885==    by 0x488BCCF: readline (in /usr/lib/x86_64-linux-gnu/libreadline.so.8.1)
==32885==    by 0x10B833: main (in /home/sebasari/Desktop/myshell/minishell)
==32885== 
==32885== 24 bytes in 1 blocks are still reachable in loss record 21 of 100
==32885==    at 0x4848899: malloc (in /usr/libexec/valgrind/vgpreload_memcheck-amd64-linux.so)
==32885==    by 0x49DDF9E: tsearch (tsearch.c:337)
==32885==    by 0x490306A: __add_to_environ (setenv.c:233)
==32885==    by 0x48543FF: setenv (in /usr/libexec/valgrind/vgpreload_memcheck-amd64-linux.so)
==32885==    by 0x489DAF7: _rl_get_screen_size (in /usr/lib/x86_64-linux-gnu/libreadline.so.8.1)
==32885==    by 0x4890AB8: ??? (in /usr/lib/x86_64-linux-gnu/libreadline.so.8.1)
==32885==    by 0x4890E0D: rl_expand_prompt (in /usr/lib/x86_64-linux-gnu/libreadline.so.8.1)
==32885==    by 0x48801BF: rl_set_prompt (in /usr/lib/x86_64-linux-gnu/libreadline.so.8.1)
==32885==    by 0x488BCCF: readline (in /usr/lib/x86_64-linux-gnu/libreadline.so.8.1)
==32885==    by 0x10B833: main (in /home/sebasari/Desktop/myshell/minishell)
==32885== 
==32885== 24 bytes in 1 blocks are still reachable in loss record 22 of 100
==32885==    at 0x4848899: malloc (in /usr/libexec/valgrind/vgpreload_memcheck-amd64-linux.so)
==32885==    by 0x49DDF34: tsearch (tsearch.c:337)
==32885==    by 0x4AFAD6E: ??? (in /usr/lib/x86_64-linux-gnu/libtinfo.so.6.3)
==32885==    by 0x4AFE098: _nc_tiparm (in /usr/lib/x86_64-linux-gnu/libtinfo.so.6.3)
==32885==    by 0x4B04C7D: ??? (in /usr/lib/x86_64-linux-gnu/libtinfo.so.6.3)
==32885==    by 0x4B04D09: _nc_trim_sgr0 (in /usr/lib/x86_64-linux-gnu/libtinfo.so.6.3)
==32885==    by 0x4B036A8: tgetent_sp (in /usr/lib/x86_64-linux-gnu/libtinfo.so.6.3)
==32885==    by 0x489F1CD: _rl_init_terminal_io (in /usr/lib/x86_64-linux-gnu/libreadline.so.8.1)
==32885==    by 0x488BA0F: rl_initialize (in /usr/lib/x86_64-linux-gnu/libreadline.so.8.1)
==32885==    by 0x488BCD4: readline (in /usr/lib/x86_64-linux-gnu/libreadline.so.8.1)
==32885==    by 0x10B833: main (in /home/sebasari/Desktop/myshell/minishell)
==32885== 
==32885== 27 bytes in 1 blocks are still reachable in loss record 23 of 100
==32885==    at 0x4848899: malloc (in /usr/libexec/valgrind/vgpreload_memcheck-amd64-linux.so)
==32885==    by 0x4AF8624: _nc_home_terminfo (in /usr/lib/x86_64-linux-gnu/libtinfo.so.6.3)
==32885==    by 0x4AF8BE2: _nc_first_db (in /usr/lib/x86_64-linux-gnu/libtinfo.so.6.3)
==32885==    by 0x4B02696: _nc_read_entry2 (in /usr/lib/x86_64-linux-gnu/libtinfo.so.6.3)
==32885==    by 0x4B02711: ??? (in /usr/lib/x86_64-linux-gnu/libtinfo.so.6.3)
==32885==    by 0x4B02866: _nc_setupterm (in /usr/lib/x86_64-linux-gnu/libtinfo.so.6.3)
==32885==    by 0x4B034C9: tgetent_sp (in /usr/lib/x86_64-linux-gnu/libtinfo.so.6.3)
==32885==    by 0x489F1CD: _rl_init_terminal_io (in /usr/lib/x86_64-linux-gnu/libreadline.so.8.1)
==32885==    by 0x488BA0F: rl_initialize (in /usr/lib/x86_64-linux-gnu/libreadline.so.8.1)
==32885==    by 0x488BCD4: readline (in /usr/lib/x86_64-linux-gnu/libreadline.so.8.1)
==32885==    by 0x10B833: main (in /home/sebasari/Desktop/myshell/minishell)
==32885== 
==32885== 32 bytes in 1 blocks are still reachable in loss record 24 of 100
==32885==    at 0x484DA83: calloc (in /usr/libexec/valgrind/vgpreload_memcheck-amd64-linux.so)
==32885==    by 0x4990C1F: __wcsmbs_load_conv (wcsmbsload.c:167)
==32885==    by 0x498416E: get_gconv_fcts (wcsmbsload.h:73)
==32885==    by 0x498416E: mbrtowc (mbrtowc.c:69)
==32885==    by 0x48932D7: ??? (in /usr/lib/x86_64-linux-gnu/libreadline.so.8.1)
==32885==    by 0x4895CE1: rl_redisplay (in /usr/lib/x86_64-linux-gnu/libreadline.so.8.1)
==32885==    by 0x4881458: readline_internal_setup (in /usr/lib/x86_64-linux-gnu/libreadline.so.8.1)
==32885==    by 0x488BCF8: readline (in /usr/lib/x86_64-linux-gnu/libreadline.so.8.1)
==32885==    by 0x10B833: main (in /home/sebasari/Desktop/myshell/minishell)
==32885== 
==32885== 36 bytes in 3 blocks are still reachable in loss record 25 of 100
==32885==    at 0x4848899: malloc (in /usr/libexec/valgrind/vgpreload_memcheck-amd64-linux.so)
==32885==    by 0x48A3BAC: xmalloc (in /usr/lib/x86_64-linux-gnu/libreadline.so.8.1)
==32885==    by 0x489CF28: add_history (in /usr/lib/x86_64-linux-gnu/libreadline.so.8.1)
==32885==    by 0x10B860: main (in /home/sebasari/Desktop/myshell/minishell)
==32885== 
==32885== 46 bytes in 1 blocks are still reachable in loss record 26 of 100
==32885==    at 0x484DCD3: realloc (in /usr/libexec/valgrind/vgpreload_memcheck-amd64-linux.so)
==32885==    by 0x4AF76CC: _nc_doalloc (in /usr/lib/x86_64-linux-gnu/libtinfo.so.6.3)
==32885==    by 0x4B0216F: _nc_read_termtype (in /usr/lib/x86_64-linux-gnu/libtinfo.so.6.3)
==32885==    by 0x4B0252A: ??? (in /usr/lib/x86_64-linux-gnu/libtinfo.so.6.3)
==32885==    by 0x4B04C40: ??? (in /usr/lib/x86_64-linux-gnu/libtinfo.so.6.3)
==32885==    by 0x4B026BB: _nc_read_entry2 (in /usr/lib/x86_64-linux-gnu/libtinfo.so.6.3)
==32885==    by 0x4B02711: ??? (in /usr/lib/x86_64-linux-gnu/libtinfo.so.6.3)
==32885==    by 0x4B02866: _nc_setupterm (in /usr/lib/x86_64-linux-gnu/libtinfo.so.6.3)
==32885==    by 0x4B034C9: tgetent_sp (in /usr/lib/x86_64-linux-gnu/libtinfo.so.6.3)
==32885==    by 0x489F1CD: _rl_init_terminal_io (in /usr/lib/x86_64-linux-gnu/libreadline.so.8.1)
==32885==    by 0x488BA0F: rl_initialize (in /usr/lib/x86_64-linux-gnu/libreadline.so.8.1)
==32885==    by 0x488BCD4: readline (in /usr/lib/x86_64-linux-gnu/libreadline.so.8.1)
==32885== 
==32885== 46 bytes in 1 blocks are still reachable in loss record 27 of 100
==32885==    at 0x4848899: malloc (in /usr/libexec/valgrind/vgpreload_memcheck-amd64-linux.so)
==32885==    by 0x4AF6FDE: ??? (in /usr/lib/x86_64-linux-gnu/libtinfo.so.6.3)
==32885==    by 0x4B0287D: _nc_setupterm (in /usr/lib/x86_64-linux-gnu/libtinfo.so.6.3)
==32885==    by 0x4B034C9: tgetent_sp (in /usr/lib/x86_64-linux-gnu/libtinfo.so.6.3)
==32885==    by 0x489F1CD: _rl_init_terminal_io (in /usr/lib/x86_64-linux-gnu/libreadline.so.8.1)
==32885==    by 0x488BA0F: rl_initialize (in /usr/lib/x86_64-linux-gnu/libreadline.so.8.1)
==32885==    by 0x488BCD4: readline (in /usr/lib/x86_64-linux-gnu/libreadline.so.8.1)
==32885==    by 0x10B833: main (in /home/sebasari/Desktop/myshell/minishell)
==32885== 
==32885== 48 bytes in 1 blocks are still reachable in loss record 28 of 100
==32885==    at 0x484DA83: calloc (in /usr/libexec/valgrind/vgpreload_memcheck-amd64-linux.so)
==32885==    by 0x4AF8833: _nc_first_db (in /usr/lib/x86_64-linux-gnu/libtinfo.so.6.3)
==32885==    by 0x4B02696: _nc_read_entry2 (in /usr/lib/x86_64-linux-gnu/libtinfo.so.6.3)
==32885==    by 0x4B02711: ??? (in /usr/lib/x86_64-linux-gnu/libtinfo.so.6.3)
==32885==    by 0x4B02866: _nc_setupterm (in /usr/lib/x86_64-linux-gnu/libtinfo.so.6.3)
==32885==    by 0x4B034C9: tgetent_sp (in /usr/lib/x86_64-linux-gnu/libtinfo.so.6.3)
==32885==    by 0x489F1CD: _rl_init_terminal_io (in /usr/lib/x86_64-linux-gnu/libreadline.so.8.1)
==32885==    by 0x488BA0F: rl_initialize (in /usr/lib/x86_64-linux-gnu/libreadline.so.8.1)
==32885==    by 0x488BCD4: readline (in /usr/lib/x86_64-linux-gnu/libreadline.so.8.1)
==32885==    by 0x10B833: main (in /home/sebasari/Desktop/myshell/minishell)
==32885== 
==32885== 48 bytes in 3 blocks are indirectly lost in loss record 29 of 100
==32885==    at 0x4848899: malloc (in /usr/libexec/valgrind/vgpreload_memcheck-amd64-linux.so)
==32885==    by 0x10B892: ft_calloc (in /home/sebasari/Desktop/myshell/minishell)
==32885==    by 0x10A953: parse (in /home/sebasari/Desktop/myshell/minishell)
==32885==    by 0x1094E7: parse_init (in /home/sebasari/Desktop/myshell/minishell)
==32885==    by 0x10B53D: adjsut_all (in /home/sebasari/Desktop/myshell/minishell)
==32885==    by 0x10B854: main (in /home/sebasari/Desktop/myshell/minishell)
==32885== 
==32885== 48 bytes in 3 blocks are indirectly lost in loss record 30 of 100
==32885==    at 0x4848899: malloc (in /usr/libexec/valgrind/vgpreload_memcheck-amd64-linux.so)
==32885==    by 0x10B892: ft_calloc (in /home/sebasari/Desktop/myshell/minishell)
==32885==    by 0x10A6FA: add_arguments (in /home/sebasari/Desktop/myshell/minishell)
==32885==    by 0x10A9DF: parse (in /home/sebasari/Desktop/myshell/minishell)
==32885==    by 0x1094E7: parse_init (in /home/sebasari/Desktop/myshell/minishell)
==32885==    by 0x10B53D: adjsut_all (in /home/sebasari/Desktop/myshell/minishell)
==32885==    by 0x10B854: main (in /home/sebasari/Desktop/myshell/minishell)
==32885== 
==32885== 70 bytes in 2 blocks are still reachable in loss record 31 of 100
==32885==    at 0x4848899: malloc (in /usr/libexec/valgrind/vgpreload_memcheck-amd64-linux.so)
==32885==    by 0x48FBE4C: _nl_make_l10nflist (l10nflist.c:166)
==32885==    by 0x48FC211: _nl_make_l10nflist (l10nflist.c:285)
==32885==    by 0x48FC211: _nl_make_l10nflist (l10nflist.c:285)
==32885==    by 0x48FC211: _nl_make_l10nflist (l10nflist.c:285)
==32885==    by 0x48FC211: _nl_make_l10nflist (l10nflist.c:285)
==32885==    by 0x48F5747: _nl_find_locale (findlocale.c:214)
==32885==    by 0x48F4A90: setlocale (setlocale.c:414)
==32885==    by 0x48F4A90: setlocale (setlocale.c:217)
==32885==    by 0x489DC45: _rl_init_locale (in /usr/lib/x86_64-linux-gnu/libreadline.so.8.1)
==32885==    by 0x489DD2C: _rl_init_eightbit (in /usr/lib/x86_64-linux-gnu/libreadline.so.8.1)
==32885==    by 0x488BA31: rl_initialize (in /usr/lib/x86_64-linux-gnu/libreadline.so.8.1)
==32885==    by 0x488BCD4: readline (in /usr/lib/x86_64-linux-gnu/libreadline.so.8.1)
==32885== 
==32885== 72 bytes in 1 blocks are still reachable in loss record 32 of 100
==32885==    at 0x4848899: malloc (in /usr/libexec/valgrind/vgpreload_memcheck-amd64-linux.so)
==32885==    by 0x48FBE4C: _nl_make_l10nflist (l10nflist.c:166)
==32885==    by 0x48F5747: _nl_find_locale (findlocale.c:214)
==32885==    by 0x48F4A90: setlocale (setlocale.c:414)
==32885==    by 0x48F4A90: setlocale (setlocale.c:217)
==32885==    by 0x489DC45: _rl_init_locale (in /usr/lib/x86_64-linux-gnu/libreadline.so.8.1)
==32885==    by 0x489DD2C: _rl_init_eightbit (in /usr/lib/x86_64-linux-gnu/libreadline.so.8.1)
==32885==    by 0x488BA31: rl_initialize (in /usr/lib/x86_64-linux-gnu/libreadline.so.8.1)
==32885==    by 0x488BCD4: readline (in /usr/lib/x86_64-linux-gnu/libreadline.so.8.1)
==32885==    by 0x10B833: main (in /home/sebasari/Desktop/myshell/minishell)
==32885== 
==32885== 72 bytes in 3 blocks are still reachable in loss record 33 of 100
==32885==    at 0x4848899: malloc (in /usr/libexec/valgrind/vgpreload_memcheck-amd64-linux.so)
==32885==    by 0x48A3BAC: xmalloc (in /usr/lib/x86_64-linux-gnu/libreadline.so.8.1)
==32885==    by 0x489AB1D: alloc_history_entry (in /usr/lib/x86_64-linux-gnu/libreadline.so.8.1)
==32885==    by 0x489CF65: add_history (in /usr/lib/x86_64-linux-gnu/libreadline.so.8.1)
==32885==    by 0x10B860: main (in /home/sebasari/Desktop/myshell/minishell)
==32885== 
==32885== 72 bytes in 3 blocks are indirectly lost in loss record 34 of 100
==32885==    at 0x4848899: malloc (in /usr/libexec/valgrind/vgpreload_memcheck-amd64-linux.so)
==32885==    by 0x10C01C: ft_lstnew (in /home/sebasari/Desktop/myshell/minishell)
==32885==    by 0x10959D: ft_tokanazition (in /home/sebasari/Desktop/myshell/minishell)
==32885==    by 0x10947B: parse_init (in /home/sebasari/Desktop/myshell/minishell)
==32885==    by 0x10B53D: adjsut_all (in /home/sebasari/Desktop/myshell/minishell)
==32885==    by 0x10B854: main (in /home/sebasari/Desktop/myshell/minishell)
==32885== 
==32885== 78 bytes in 1 blocks are still reachable in loss record 35 of 100
==32885==    at 0x4848899: malloc (in /usr/libexec/valgrind/vgpreload_memcheck-amd64-linux.so)
==32885==    by 0x4AF704B: ??? (in /usr/lib/x86_64-linux-gnu/libtinfo.so.6.3)
==32885==    by 0x4B0287D: _nc_setupterm (in /usr/lib/x86_64-linux-gnu/libtinfo.so.6.3)
==32885==    by 0x4B034C9: tgetent_sp (in /usr/lib/x86_64-linux-gnu/libtinfo.so.6.3)
==32885==    by 0x489F1CD: _rl_init_terminal_io (in /usr/lib/x86_64-linux-gnu/libreadline.so.8.1)
==32885==    by 0x488BA0F: rl_initialize (in /usr/lib/x86_64-linux-gnu/libreadline.so.8.1)
==32885==    by 0x488BCD4: readline (in /usr/lib/x86_64-linux-gnu/libreadline.so.8.1)
==32885==    by 0x10B833: main (in /home/sebasari/Desktop/myshell/minishell)
==32885== 
==32885== 93 bytes in 1 blocks are still reachable in loss record 36 of 100
==32885==    at 0x4848899: malloc (in /usr/libexec/valgrind/vgpreload_memcheck-amd64-linux.so)
==32885==    by 0x496658E: strdup (strdup.c:42)
==32885==    by 0x4AFAD54: ??? (in /usr/lib/x86_64-linux-gnu/libtinfo.so.6.3)
==32885==    by 0x4AFE098: _nc_tiparm (in /usr/lib/x86_64-linux-gnu/libtinfo.so.6.3)
==32885==    by 0x4B04C7D: ??? (in /usr/lib/x86_64-linux-gnu/libtinfo.so.6.3)
==32885==    by 0x4B04D09: _nc_trim_sgr0 (in /usr/lib/x86_64-linux-gnu/libtinfo.so.6.3)
==32885==    by 0x4B036A8: tgetent_sp (in /usr/lib/x86_64-linux-gnu/libtinfo.so.6.3)
==32885==    by 0x489F1CD: _rl_init_terminal_io (in /usr/lib/x86_64-linux-gnu/libreadline.so.8.1)
==32885==    by 0x488BA0F: rl_initialize (in /usr/lib/x86_64-linux-gnu/libreadline.so.8.1)
==32885==    by 0x488BCD4: readline (in /usr/lib/x86_64-linux-gnu/libreadline.so.8.1)
==32885==    by 0x10B833: main (in /home/sebasari/Desktop/myshell/minishell)
==32885== 
==32885== 94 bytes in 1 blocks are still reachable in loss record 37 of 100
==32885==    at 0x4848899: malloc (in /usr/libexec/valgrind/vgpreload_memcheck-amd64-linux.so)
==32885==    by 0x4AFA95B: _nc_tparm_analyze (in /usr/lib/x86_64-linux-gnu/libtinfo.so.6.3)
==32885==    by 0x4AFAC62: ??? (in /usr/lib/x86_64-linux-gnu/libtinfo.so.6.3)
==32885==    by 0x4AFE098: _nc_tiparm (in /usr/lib/x86_64-linux-gnu/libtinfo.so.6.3)
==32885==    by 0x4B04C7D: ??? (in /usr/lib/x86_64-linux-gnu/libtinfo.so.6.3)
==32885==    by 0x4B04D09: _nc_trim_sgr0 (in /usr/lib/x86_64-linux-gnu/libtinfo.so.6.3)
==32885==    by 0x4B036A8: tgetent_sp (in /usr/lib/x86_64-linux-gnu/libtinfo.so.6.3)
==32885==    by 0x489F1CD: _rl_init_terminal_io (in /usr/lib/x86_64-linux-gnu/libreadline.so.8.1)
==32885==    by 0x488BA0F: rl_initialize (in /usr/lib/x86_64-linux-gnu/libreadline.so.8.1)
==32885==    by 0x488BCD4: readline (in /usr/lib/x86_64-linux-gnu/libreadline.so.8.1)
==32885==    by 0x10B833: main (in /home/sebasari/Desktop/myshell/minishell)
==32885== 
==32885== 96 bytes in 1 blocks are still reachable in loss record 38 of 100
==32885==    at 0x4848899: malloc (in /usr/libexec/valgrind/vgpreload_memcheck-amd64-linux.so)
==32885==    by 0x4AF879A: _nc_first_db (in /usr/lib/x86_64-linux-gnu/libtinfo.so.6.3)
==32885==    by 0x4B02696: _nc_read_entry2 (in /usr/lib/x86_64-linux-gnu/libtinfo.so.6.3)
==32885==    by 0x4B02711: ??? (in /usr/lib/x86_64-linux-gnu/libtinfo.so.6.3)
==32885==    by 0x4B02866: _nc_setupterm (in /usr/lib/x86_64-linux-gnu/libtinfo.so.6.3)
==32885==    by 0x4B034C9: tgetent_sp (in /usr/lib/x86_64-linux-gnu/libtinfo.so.6.3)
==32885==    by 0x489F1CD: _rl_init_terminal_io (in /usr/lib/x86_64-linux-gnu/libreadline.so.8.1)
==32885==    by 0x488BA0F: rl_initialize (in /usr/lib/x86_64-linux-gnu/libreadline.so.8.1)
==32885==    by 0x488BCD4: readline (in /usr/lib/x86_64-linux-gnu/libreadline.so.8.1)
==32885==    by 0x10B833: main (in /home/sebasari/Desktop/myshell/minishell)
==32885== 
==32885== 96 bytes in 3 blocks are indirectly lost in loss record 39 of 100
==32885==    at 0x4848899: malloc (in /usr/libexec/valgrind/vgpreload_memcheck-amd64-linux.so)
==32885==    by 0x10A5E3: init_cmd (in /home/sebasari/Desktop/myshell/minishell)
==32885==    by 0x10A96B: parse (in /home/sebasari/Desktop/myshell/minishell)
==32885==    by 0x1094E7: parse_init (in /home/sebasari/Desktop/myshell/minishell)
==32885==    by 0x10B53D: adjsut_all (in /home/sebasari/Desktop/myshell/minishell)
==32885==    by 0x10B854: main (in /home/sebasari/Desktop/myshell/minishell)
==32885== 
==32885== 98 bytes in 2 blocks are still reachable in loss record 40 of 100
==32885==    at 0x4848899: malloc (in /usr/libexec/valgrind/vgpreload_memcheck-amd64-linux.so)
==32885==    by 0x48FBE4C: _nl_make_l10nflist (l10nflist.c:166)
==32885==    by 0x48FC211: _nl_make_l10nflist (l10nflist.c:285)
==32885==    by 0x48F5747: _nl_find_locale (findlocale.c:214)
==32885==    by 0x48F4A90: setlocale (setlocale.c:414)
==32885==    by 0x48F4A90: setlocale (setlocale.c:217)
==32885==    by 0x489DC45: _rl_init_locale (in /usr/lib/x86_64-linux-gnu/libreadline.so.8.1)
==32885==    by 0x489DD2C: _rl_init_eightbit (in /usr/lib/x86_64-linux-gnu/libreadline.so.8.1)
==32885==    by 0x488BA31: rl_initialize (in /usr/lib/x86_64-linux-gnu/libreadline.so.8.1)
==32885==    by 0x488BCD4: readline (in /usr/lib/x86_64-linux-gnu/libreadline.so.8.1)
==32885==    by 0x10B833: main (in /home/sebasari/Desktop/myshell/minishell)
==32885== 
==32885== 112 bytes in 2 blocks are still reachable in loss record 41 of 100
==32885==    at 0x4848899: malloc (in /usr/libexec/valgrind/vgpreload_memcheck-amd64-linux.so)
==32885==    by 0x48FBFDC: _nl_make_l10nflist (l10nflist.c:242)
==32885==    by 0x48FC211: _nl_make_l10nflist (l10nflist.c:285)
==32885==    by 0x48FC211: _nl_make_l10nflist (l10nflist.c:285)
==32885==    by 0x48FC211: _nl_make_l10nflist (l10nflist.c:285)
==32885==    by 0x48FC211: _nl_make_l10nflist (l10nflist.c:285)
==32885==    by 0x48F5747: _nl_find_locale (findlocale.c:214)
==32885==    by 0x48F4A90: setlocale (setlocale.c:414)
==32885==    by 0x48F4A90: setlocale (setlocale.c:217)
==32885==    by 0x489DC45: _rl_init_locale (in /usr/lib/x86_64-linux-gnu/libreadline.so.8.1)
==32885==    by 0x489DD2C: _rl_init_eightbit (in /usr/lib/x86_64-linux-gnu/libreadline.so.8.1)
==32885==    by 0x488BA31: rl_initialize (in /usr/lib/x86_64-linux-gnu/libreadline.so.8.1)
==32885==    by 0x488BCD4: readline (in /usr/lib/x86_64-linux-gnu/libreadline.so.8.1)
==32885== 
==32885== 156 bytes in 1 blocks are still reachable in loss record 42 of 100
==32885==    at 0x484DCD3: realloc (in /usr/libexec/valgrind/vgpreload_memcheck-amd64-linux.so)
==32885==    by 0x4AF76CC: _nc_doalloc (in /usr/lib/x86_64-linux-gnu/libtinfo.so.6.3)
==32885==    by 0x4B02197: _nc_read_termtype (in /usr/lib/x86_64-linux-gnu/libtinfo.so.6.3)
==32885==    by 0x4B0252A: ??? (in /usr/lib/x86_64-linux-gnu/libtinfo.so.6.3)
==32885==    by 0x4B04C40: ??? (in /usr/lib/x86_64-linux-gnu/libtinfo.so.6.3)
==32885==    by 0x4B026BB: _nc_read_entry2 (in /usr/lib/x86_64-linux-gnu/libtinfo.so.6.3)
==32885==    by 0x4B02711: ??? (in /usr/lib/x86_64-linux-gnu/libtinfo.so.6.3)
==32885==    by 0x4B02866: _nc_setupterm (in /usr/lib/x86_64-linux-gnu/libtinfo.so.6.3)
==32885==    by 0x4B034C9: tgetent_sp (in /usr/lib/x86_64-linux-gnu/libtinfo.so.6.3)
==32885==    by 0x489F1CD: _rl_init_terminal_io (in /usr/lib/x86_64-linux-gnu/libreadline.so.8.1)
==32885==    by 0x488BA0F: rl_initialize (in /usr/lib/x86_64-linux-gnu/libreadline.so.8.1)
==32885==    by 0x488BCD4: readline (in /usr/lib/x86_64-linux-gnu/libreadline.so.8.1)
==32885== 
==32885== 168 bytes in 1 blocks are still reachable in loss record 43 of 100
==32885==    at 0x484DA83: calloc (in /usr/libexec/valgrind/vgpreload_memcheck-amd64-linux.so)
==32885==    by 0x4AFACCD: ??? (in /usr/lib/x86_64-linux-gnu/libtinfo.so.6.3)
==32885==    by 0x4AFE098: _nc_tiparm (in /usr/lib/x86_64-linux-gnu/libtinfo.so.6.3)
==32885==    by 0x4B04C7D: ??? (in /usr/lib/x86_64-linux-gnu/libtinfo.so.6.3)
==32885==    by 0x4B04D09: _nc_trim_sgr0 (in /usr/lib/x86_64-linux-gnu/libtinfo.so.6.3)
==32885==    by 0x4B036A8: tgetent_sp (in /usr/lib/x86_64-linux-gnu/libtinfo.so.6.3)
==32885==    by 0x489F1CD: _rl_init_terminal_io (in /usr/lib/x86_64-linux-gnu/libreadline.so.8.1)
==32885==    by 0x488BA0F: rl_initialize (in /usr/lib/x86_64-linux-gnu/libreadline.so.8.1)
==32885==    by 0x488BCD4: readline (in /usr/lib/x86_64-linux-gnu/libreadline.so.8.1)
==32885==    by 0x10B833: main (in /home/sebasari/Desktop/myshell/minishell)
==32885== 
==32885== 171 bytes in 1 blocks are still reachable in loss record 44 of 100
==32885==    at 0x4848899: malloc (in /usr/libexec/valgrind/vgpreload_memcheck-amd64-linux.so)
==32885==    by 0x48F4607: new_composite_name (setlocale.c:170)
==32885==    by 0x48F4AEA: setlocale (setlocale.c:437)
==32885==    by 0x48F4AEA: setlocale (setlocale.c:217)
==32885==    by 0x489DC45: _rl_init_locale (in /usr/lib/x86_64-linux-gnu/libreadline.so.8.1)
==32885==    by 0x489DD2C: _rl_init_eightbit (in /usr/lib/x86_64-linux-gnu/libreadline.so.8.1)
==32885==    by 0x488BA31: rl_initialize (in /usr/lib/x86_64-linux-gnu/libreadline.so.8.1)
==32885==    by 0x488BCD4: readline (in /usr/lib/x86_64-linux-gnu/libreadline.so.8.1)
==32885==    by 0x10B833: main (in /home/sebasari/Desktop/myshell/minishell)
==32885== 
==32885== 208 bytes in 1 blocks are still reachable in loss record 45 of 100
==32885==    at 0x4848899: malloc (in /usr/libexec/valgrind/vgpreload_memcheck-amd64-linux.so)
==32885==    by 0x48F39D6: __gconv_lookup_cache (gconv_cache.c:365)
==32885==    by 0x48E9B6E: __gconv_find_transform (gconv_db.c:732)
==32885==    by 0x4990D4A: __wcsmbs_getfct (wcsmbsload.c:91)
==32885==    by 0x4990D4A: __wcsmbs_load_conv (wcsmbsload.c:185)
==32885==    by 0x498416E: get_gconv_fcts (wcsmbsload.h:73)
==32885==    by 0x498416E: mbrtowc (mbrtowc.c:69)
==32885==    by 0x48932D7: ??? (in /usr/lib/x86_64-linux-gnu/libreadline.so.8.1)
==32885==    by 0x4895CE1: rl_redisplay (in /usr/lib/x86_64-linux-gnu/libreadline.so.8.1)
==32885==    by 0x4881458: readline_internal_setup (in /usr/lib/x86_64-linux-gnu/libreadline.so.8.1)
==32885==    by 0x488BCF8: readline (in /usr/lib/x86_64-linux-gnu/libreadline.so.8.1)
==32885==    by 0x10B833: main (in /home/sebasari/Desktop/myshell/minishell)
==32885== 
==32885== 208 bytes in 1 blocks are still reachable in loss record 46 of 100
==32885==    at 0x4848899: malloc (in /usr/libexec/valgrind/vgpreload_memcheck-amd64-linux.so)
==32885==    by 0x48F3AC0: __gconv_lookup_cache (gconv_cache.c:365)
==32885==    by 0x48E9B6E: __gconv_find_transform (gconv_db.c:732)
==32885==    by 0x4990D8B: __wcsmbs_getfct (wcsmbsload.c:91)
==32885==    by 0x4990D8B: __wcsmbs_load_conv (wcsmbsload.c:188)
==32885==    by 0x498416E: get_gconv_fcts (wcsmbsload.h:73)
==32885==    by 0x498416E: mbrtowc (mbrtowc.c:69)
==32885==    by 0x48932D7: ??? (in /usr/lib/x86_64-linux-gnu/libreadline.so.8.1)
==32885==    by 0x4895CE1: rl_redisplay (in /usr/lib/x86_64-linux-gnu/libreadline.so.8.1)
==32885==    by 0x4881458: readline_internal_setup (in /usr/lib/x86_64-linux-gnu/libreadline.so.8.1)
==32885==    by 0x488BCF8: readline (in /usr/lib/x86_64-linux-gnu/libreadline.so.8.1)
==32885==    by 0x10B833: main (in /home/sebasari/Desktop/myshell/minishell)
==32885== 
==32885== 238 bytes in 6 blocks are still reachable in loss record 47 of 100
==32885==    at 0x4848899: malloc (in /usr/libexec/valgrind/vgpreload_memcheck-amd64-linux.so)
==32885==    by 0x48FBE4C: _nl_make_l10nflist (l10nflist.c:166)
==32885==    by 0x48FC211: _nl_make_l10nflist (l10nflist.c:285)
==32885==    by 0x48FC211: _nl_make_l10nflist (l10nflist.c:285)
==32885==    by 0x48FC211: _nl_make_l10nflist (l10nflist.c:285)
==32885==    by 0x48F5747: _nl_find_locale (findlocale.c:214)
==32885==    by 0x48F4A90: setlocale (setlocale.c:414)
==32885==    by 0x48F4A90: setlocale (setlocale.c:217)
==32885==    by 0x489DC45: _rl_init_locale (in /usr/lib/x86_64-linux-gnu/libreadline.so.8.1)
==32885==    by 0x489DD2C: _rl_init_eightbit (in /usr/lib/x86_64-linux-gnu/libreadline.so.8.1)
==32885==    by 0x488BA31: rl_initialize (in /usr/lib/x86_64-linux-gnu/libreadline.so.8.1)
==32885==    by 0x488BCD4: readline (in /usr/lib/x86_64-linux-gnu/libreadline.so.8.1)
==32885==    by 0x10B833: main (in /home/sebasari/Desktop/myshell/minishell)
==32885== 
==32885== 256 bytes in 1 blocks are still reachable in loss record 48 of 100
==32885==    at 0x4848899: malloc (in /usr/libexec/valgrind/vgpreload_memcheck-amd64-linux.so)
==32885==    by 0x48A3BAC: xmalloc (in /usr/lib/x86_64-linux-gnu/libreadline.so.8.1)
==32885==    by 0x488BC86: rl_initialize (in /usr/lib/x86_64-linux-gnu/libreadline.so.8.1)
==32885==    by 0x488BCD4: readline (in /usr/lib/x86_64-linux-gnu/libreadline.so.8.1)
==32885==    by 0x10B833: main (in /home/sebasari/Desktop/myshell/minishell)
==32885== 
==32885== 266 bytes in 6 blocks are still reachable in loss record 49 of 100
==32885==    at 0x4848899: malloc (in /usr/libexec/valgrind/vgpreload_memcheck-amd64-linux.so)
==32885==    by 0x48FBE4C: _nl_make_l10nflist (l10nflist.c:166)
==32885==    by 0x48FC211: _nl_make_l10nflist (l10nflist.c:285)
==32885==    by 0x48FC211: _nl_make_l10nflist (l10nflist.c:285)
==32885==    by 0x48F5747: _nl_find_locale (findlocale.c:214)
==32885==    by 0x48F4A90: setlocale (setlocale.c:414)
==32885==    by 0x48F4A90: setlocale (setlocale.c:217)
==32885==    by 0x489DC45: _rl_init_locale (in /usr/lib/x86_64-linux-gnu/libreadline.so.8.1)
==32885==    by 0x489DD2C: _rl_init_eightbit (in /usr/lib/x86_64-linux-gnu/libreadline.so.8.1)
==32885==    by 0x488BA31: rl_initialize (in /usr/lib/x86_64-linux-gnu/libreadline.so.8.1)
==32885==    by 0x488BCD4: readline (in /usr/lib/x86_64-linux-gnu/libreadline.so.8.1)
==32885==    by 0x10B833: main (in /home/sebasari/Desktop/myshell/minishell)
==32885== 
==32885== 296 bytes in 1 blocks are still reachable in loss record 50 of 100
==32885==    at 0x4848899: malloc (in /usr/libexec/valgrind/vgpreload_memcheck-amd64-linux.so)
==32885==    by 0x48FBFDC: _nl_make_l10nflist (l10nflist.c:242)
==32885==    by 0x48F5747: _nl_find_locale (findlocale.c:214)
==32885==    by 0x48F4A90: setlocale (setlocale.c:414)
==32885==    by 0x48F4A90: setlocale (setlocale.c:217)
==32885==    by 0x489DC45: _rl_init_locale (in /usr/lib/x86_64-linux-gnu/libreadline.so.8.1)
==32885==    by 0x489DD2C: _rl_init_eightbit (in /usr/lib/x86_64-linux-gnu/libreadline.so.8.1)
==32885==    by 0x488BA31: rl_initialize (in /usr/lib/x86_64-linux-gnu/libreadline.so.8.1)
==32885==    by 0x488BCD4: readline (in /usr/lib/x86_64-linux-gnu/libreadline.so.8.1)
==32885==    by 0x10B833: main (in /home/sebasari/Desktop/myshell/minishell)
==32885== 
==32885== 336 bytes in 2 blocks are still reachable in loss record 51 of 100
==32885==    at 0x4848899: malloc (in /usr/libexec/valgrind/vgpreload_memcheck-amd64-linux.so)
==32885==    by 0x48FBFDC: _nl_make_l10nflist (l10nflist.c:242)
==32885==    by 0x48FC211: _nl_make_l10nflist (l10nflist.c:285)
==32885==    by 0x48F5747: _nl_find_locale (findlocale.c:214)
==32885==    by 0x48F4A90: setlocale (setlocale.c:414)
==32885==    by 0x48F4A90: setlocale (setlocale.c:217)
==32885==    by 0x489DC45: _rl_init_locale (in /usr/lib/x86_64-linux-gnu/libreadline.so.8.1)
==32885==    by 0x489DD2C: _rl_init_eightbit (in /usr/lib/x86_64-linux-gnu/libreadline.so.8.1)
==32885==    by 0x488BA31: rl_initialize (in /usr/lib/x86_64-linux-gnu/libreadline.so.8.1)
==32885==    by 0x488BCD4: readline (in /usr/lib/x86_64-linux-gnu/libreadline.so.8.1)
==32885==    by 0x10B833: main (in /home/sebasari/Desktop/myshell/minishell)
==32885== 
==32885== 362 (72 direct, 290 indirect) bytes in 3 blocks are definitely lost in loss record 52 of 100
==32885==    at 0x4848899: malloc (in /usr/libexec/valgrind/vgpreload_memcheck-amd64-linux.so)
==32885==    by 0x109402: parse_init (in /home/sebasari/Desktop/myshell/minishell)
==32885==    by 0x10B53D: adjsut_all (in /home/sebasari/Desktop/myshell/minishell)
==32885==    by 0x10B854: main (in /home/sebasari/Desktop/myshell/minishell)
==32885== 
==32885== 432 bytes in 6 blocks are still reachable in loss record 53 of 100
==32885==    at 0x4848899: malloc (in /usr/libexec/valgrind/vgpreload_memcheck-amd64-linux.so)
==32885==    by 0x48FBFDC: _nl_make_l10nflist (l10nflist.c:242)
==32885==    by 0x48FC211: _nl_make_l10nflist (l10nflist.c:285)
==32885==    by 0x48FC211: _nl_make_l10nflist (l10nflist.c:285)
==32885==    by 0x48FC211: _nl_make_l10nflist (l10nflist.c:285)
==32885==    by 0x48F5747: _nl_find_locale (findlocale.c:214)
==32885==    by 0x48F4A90: setlocale (setlocale.c:414)
==32885==    by 0x48F4A90: setlocale (setlocale.c:217)
==32885==    by 0x489DC45: _rl_init_locale (in /usr/lib/x86_64-linux-gnu/libreadline.so.8.1)
==32885==    by 0x489DD2C: _rl_init_eightbit (in /usr/lib/x86_64-linux-gnu/libreadline.so.8.1)
==32885==    by 0x488BA31: rl_initialize (in /usr/lib/x86_64-linux-gnu/libreadline.so.8.1)
==32885==    by 0x488BCD4: readline (in /usr/lib/x86_64-linux-gnu/libreadline.so.8.1)
==32885==    by 0x10B833: main (in /home/sebasari/Desktop/myshell/minishell)
==32885== 
==32885== 608 bytes in 1 blocks are still reachable in loss record 54 of 100
==32885==    at 0x484DA83: calloc (in /usr/libexec/valgrind/vgpreload_memcheck-amd64-linux.so)
==32885==    by 0x4B0237E: _nc_read_termtype (in /usr/lib/x86_64-linux-gnu/libtinfo.so.6.3)
==32885==    by 0x4B0252A: ??? (in /usr/lib/x86_64-linux-gnu/libtinfo.so.6.3)
==32885==    by 0x4B04C40: ??? (in /usr/lib/x86_64-linux-gnu/libtinfo.so.6.3)
==32885==    by 0x4B026BB: _nc_read_entry2 (in /usr/lib/x86_64-linux-gnu/libtinfo.so.6.3)
==32885==    by 0x4B02711: ??? (in /usr/lib/x86_64-linux-gnu/libtinfo.so.6.3)
==32885==    by 0x4B02866: _nc_setupterm (in /usr/lib/x86_64-linux-gnu/libtinfo.so.6.3)
==32885==    by 0x4B034C9: tgetent_sp (in /usr/lib/x86_64-linux-gnu/libtinfo.so.6.3)
==32885==    by 0x489F1CD: _rl_init_terminal_io (in /usr/lib/x86_64-linux-gnu/libreadline.so.8.1)
==32885==    by 0x488BA0F: rl_initialize (in /usr/lib/x86_64-linux-gnu/libreadline.so.8.1)
==32885==    by 0x488BCD4: readline (in /usr/lib/x86_64-linux-gnu/libreadline.so.8.1)
==32885==    by 0x10B833: main (in /home/sebasari/Desktop/myshell/minishell)
==32885== 
==32885== 608 bytes in 1 blocks are still reachable in loss record 55 of 100
==32885==    at 0x4848899: malloc (in /usr/libexec/valgrind/vgpreload_memcheck-amd64-linux.so)
==32885==    by 0x4AF7119: ??? (in /usr/lib/x86_64-linux-gnu/libtinfo.so.6.3)
==32885==    by 0x4B0287D: _nc_setupterm (in /usr/lib/x86_64-linux-gnu/libtinfo.so.6.3)
==32885==    by 0x4B034C9: tgetent_sp (in /usr/lib/x86_64-linux-gnu/libtinfo.so.6.3)
==32885==    by 0x489F1CD: _rl_init_terminal_io (in /usr/lib/x86_64-linux-gnu/libreadline.so.8.1)
==32885==    by 0x488BA0F: rl_initialize (in /usr/lib/x86_64-linux-gnu/libreadline.so.8.1)
==32885==    by 0x488BCD4: readline (in /usr/lib/x86_64-linux-gnu/libreadline.so.8.1)
==32885==    by 0x10B833: main (in /home/sebasari/Desktop/myshell/minishell)
==32885== 
==32885== 624 bytes in 6 blocks are still reachable in loss record 56 of 100
==32885==    at 0x4848899: malloc (in /usr/libexec/valgrind/vgpreload_memcheck-amd64-linux.so)
==32885==    by 0x48FBFDC: _nl_make_l10nflist (l10nflist.c:242)
==32885==    by 0x48FC211: _nl_make_l10nflist (l10nflist.c:285)
==32885==    by 0x48FC211: _nl_make_l10nflist (l10nflist.c:285)
==32885==    by 0x48F5747: _nl_find_locale (findlocale.c:214)
==32885==    by 0x48F4A90: setlocale (setlocale.c:414)
==32885==    by 0x48F4A90: setlocale (setlocale.c:217)
==32885==    by 0x489DC45: _rl_init_locale (in /usr/lib/x86_64-linux-gnu/libreadline.so.8.1)
==32885==    by 0x489DD2C: _rl_init_eightbit (in /usr/lib/x86_64-linux-gnu/libreadline.so.8.1)
==32885==    by 0x488BA31: rl_initialize (in /usr/lib/x86_64-linux-gnu/libreadline.so.8.1)
==32885==    by 0x488BCD4: readline (in /usr/lib/x86_64-linux-gnu/libreadline.so.8.1)
==32885==    by 0x10B833: main (in /home/sebasari/Desktop/myshell/minishell)
==32885== 
==32885== 760 bytes in 1 blocks are still reachable in loss record 57 of 100
==32885==    at 0x484DA83: calloc (in /usr/libexec/valgrind/vgpreload_memcheck-amd64-linux.so)
==32885==    by 0x4B02819: _nc_setupterm (in /usr/lib/x86_64-linux-gnu/libtinfo.so.6.3)
==32885==    by 0x4B034C9: tgetent_sp (in /usr/lib/x86_64-linux-gnu/libtinfo.so.6.3)
==32885==    by 0x489F1CD: _rl_init_terminal_io (in /usr/lib/x86_64-linux-gnu/libreadline.so.8.1)
==32885==    by 0x488BA0F: rl_initialize (in /usr/lib/x86_64-linux-gnu/libreadline.so.8.1)
==32885==    by 0x488BCD4: readline (in /usr/lib/x86_64-linux-gnu/libreadline.so.8.1)
==32885==    by 0x10B833: main (in /home/sebasari/Desktop/myshell/minishell)
==32885== 
==32885== 776 bytes in 1 blocks are still reachable in loss record 58 of 100
==32885==    at 0x484DCD3: realloc (in /usr/libexec/valgrind/vgpreload_memcheck-amd64-linux.so)
==32885==    by 0x4902E7B: __add_to_environ (setenv.c:156)
==32885==    by 0x48543FF: setenv (in /usr/libexec/valgrind/vgpreload_memcheck-amd64-linux.so)
==32885==    by 0x489DAF7: _rl_get_screen_size (in /usr/lib/x86_64-linux-gnu/libreadline.so.8.1)
==32885==    by 0x4890AB8: ??? (in /usr/lib/x86_64-linux-gnu/libreadline.so.8.1)
==32885==    by 0x4890E0D: rl_expand_prompt (in /usr/lib/x86_64-linux-gnu/libreadline.so.8.1)
==32885==    by 0x48801BF: rl_set_prompt (in /usr/lib/x86_64-linux-gnu/libreadline.so.8.1)
==32885==    by 0x488BCCF: readline (in /usr/lib/x86_64-linux-gnu/libreadline.so.8.1)
==32885==    by 0x10B833: main (in /home/sebasari/Desktop/myshell/minishell)
==32885== 
==32885== 776 bytes in 1 blocks are still reachable in loss record 59 of 100
==32885==    at 0x4848899: malloc (in /usr/libexec/valgrind/vgpreload_memcheck-amd64-linux.so)
==32885==    by 0x48F596E: _nl_intern_locale_data (loadlocale.c:97)
==32885==    by 0x48F5C28: _nl_load_locale (loadlocale.c:266)
==32885==    by 0x48F57D0: _nl_find_locale (findlocale.c:237)
==32885==    by 0x48F4A90: setlocale (setlocale.c:414)
==32885==    by 0x48F4A90: setlocale (setlocale.c:217)
==32885==    by 0x489DC45: _rl_init_locale (in /usr/lib/x86_64-linux-gnu/libreadline.so.8.1)
==32885==    by 0x489DD2C: _rl_init_eightbit (in /usr/lib/x86_64-linux-gnu/libreadline.so.8.1)
==32885==    by 0x488BA31: rl_initialize (in /usr/lib/x86_64-linux-gnu/libreadline.so.8.1)
==32885==    by 0x488BCD4: readline (in /usr/lib/x86_64-linux-gnu/libreadline.so.8.1)
==32885==    by 0x10B833: main (in /home/sebasari/Desktop/myshell/minishell)
==32885== 
==32885== 940 bytes in 1 blocks are still reachable in loss record 60 of 100
==32885==    at 0x4848899: malloc (in /usr/libexec/valgrind/vgpreload_memcheck-amd64-linux.so)
==32885==    by 0x4B02287: _nc_read_termtype (in /usr/lib/x86_64-linux-gnu/libtinfo.so.6.3)
==32885==    by 0x4B0252A: ??? (in /usr/lib/x86_64-linux-gnu/libtinfo.so.6.3)
==32885==    by 0x4B04C40: ??? (in /usr/lib/x86_64-linux-gnu/libtinfo.so.6.3)
==32885==    by 0x4B026BB: _nc_read_entry2 (in /usr/lib/x86_64-linux-gnu/libtinfo.so.6.3)
==32885==    by 0x4B02711: ??? (in /usr/lib/x86_64-linux-gnu/libtinfo.so.6.3)
==32885==    by 0x4B02866: _nc_setupterm (in /usr/lib/x86_64-linux-gnu/libtinfo.so.6.3)
==32885==    by 0x4B034C9: tgetent_sp (in /usr/lib/x86_64-linux-gnu/libtinfo.so.6.3)
==32885==    by 0x489F1CD: _rl_init_terminal_io (in /usr/lib/x86_64-linux-gnu/libreadline.so.8.1)
==32885==    by 0x488BA0F: rl_initialize (in /usr/lib/x86_64-linux-gnu/libreadline.so.8.1)
==32885==    by 0x488BCD4: readline (in /usr/lib/x86_64-linux-gnu/libreadline.so.8.1)
==32885==    by 0x10B833: main (in /home/sebasari/Desktop/myshell/minishell)
==32885== 
==32885== 1,024 bytes in 1 blocks are still reachable in loss record 61 of 100
==32885==    at 0x4848899: malloc (in /usr/libexec/valgrind/vgpreload_memcheck-amd64-linux.so)
==32885==    by 0x493CBA3: _IO_file_doallocate (filedoalloc.c:101)
==32885==    by 0x494BCDF: _IO_doallocbuf (genops.c:347)
==32885==    by 0x494AF5F: _IO_file_overflow@@GLIBC_2.2.5 (fileops.c:744)
==32885==    by 0x49496D4: _IO_new_file_xsputn (fileops.c:1243)
==32885==    by 0x49496D4: _IO_file_xsputn@@GLIBC_2.2.5 (fileops.c:1196)
==32885==    by 0x493DFD6: fwrite (iofwrite.c:39)
==32885==    by 0x488877C: rl_prep_terminal (in /usr/lib/x86_64-linux-gnu/libreadline.so.8.1)
==32885==    by 0x488BCEE: readline (in /usr/lib/x86_64-linux-gnu/libreadline.so.8.1)
==32885==    by 0x10B833: main (in /home/sebasari/Desktop/myshell/minishell)
==32885== 
==32885== 1,024 bytes in 1 blocks are still reachable in loss record 62 of 100
==32885==    at 0x4848899: malloc (in /usr/libexec/valgrind/vgpreload_memcheck-amd64-linux.so)
==32885==    by 0x48A44A7: xrealloc (in /usr/lib/x86_64-linux-gnu/libreadline.so.8.1)
==32885==    by 0x488DC7B: ??? (in /usr/lib/x86_64-linux-gnu/libreadline.so.8.1)
==32885==    by 0x488DD67: ??? (in /usr/lib/x86_64-linux-gnu/libreadline.so.8.1)
==32885==    by 0x4896C7E: rl_redisplay (in /usr/lib/x86_64-linux-gnu/libreadline.so.8.1)
==32885==    by 0x4881458: readline_internal_setup (in /usr/lib/x86_64-linux-gnu/libreadline.so.8.1)
==32885==    by 0x488BCF8: readline (in /usr/lib/x86_64-linux-gnu/libreadline.so.8.1)
==32885==    by 0x10B833: main (in /home/sebasari/Desktop/myshell/minishell)
==32885== 
==32885== 1,024 bytes in 1 blocks are still reachable in loss record 63 of 100
==32885==    at 0x4848899: malloc (in /usr/libexec/valgrind/vgpreload_memcheck-amd64-linux.so)
==32885==    by 0x48A44A7: xrealloc (in /usr/lib/x86_64-linux-gnu/libreadline.so.8.1)
==32885==    by 0x488DC8B: ??? (in /usr/lib/x86_64-linux-gnu/libreadline.so.8.1)
==32885==    by 0x488DD67: ??? (in /usr/lib/x86_64-linux-gnu/libreadline.so.8.1)
==32885==    by 0x4896C7E: rl_redisplay (in /usr/lib/x86_64-linux-gnu/libreadline.so.8.1)
==32885==    by 0x4881458: readline_internal_setup (in /usr/lib/x86_64-linux-gnu/libreadline.so.8.1)
==32885==    by 0x488BCF8: readline (in /usr/lib/x86_64-linux-gnu/libreadline.so.8.1)
==32885==    by 0x10B833: main (in /home/sebasari/Desktop/myshell/minishell)
==32885== 
==32885== 1,024 bytes in 1 blocks are still reachable in loss record 64 of 100
==32885==    at 0x4848899: malloc (in /usr/libexec/valgrind/vgpreload_memcheck-amd64-linux.so)
==32885==    by 0x48A44A7: xrealloc (in /usr/lib/x86_64-linux-gnu/libreadline.so.8.1)
==32885==    by 0x488DCA2: ??? (in /usr/lib/x86_64-linux-gnu/libreadline.so.8.1)
==32885==    by 0x488DD67: ??? (in /usr/lib/x86_64-linux-gnu/libreadline.so.8.1)
==32885==    by 0x4896C7E: rl_redisplay (in /usr/lib/x86_64-linux-gnu/libreadline.so.8.1)
==32885==    by 0x4881458: readline_internal_setup (in /usr/lib/x86_64-linux-gnu/libreadline.so.8.1)
==32885==    by 0x488BCF8: readline (in /usr/lib/x86_64-linux-gnu/libreadline.so.8.1)
==32885==    by 0x10B833: main (in /home/sebasari/Desktop/myshell/minishell)
==32885== 
==32885== 1,024 bytes in 1 blocks are still reachable in loss record 65 of 100
==32885==    at 0x4848899: malloc (in /usr/libexec/valgrind/vgpreload_memcheck-amd64-linux.so)
==32885==    by 0x48A44A7: xrealloc (in /usr/lib/x86_64-linux-gnu/libreadline.so.8.1)
==32885==    by 0x488DCBB: ??? (in /usr/lib/x86_64-linux-gnu/libreadline.so.8.1)
==32885==    by 0x488DD67: ??? (in /usr/lib/x86_64-linux-gnu/libreadline.so.8.1)
==32885==    by 0x4896C7E: rl_redisplay (in /usr/lib/x86_64-linux-gnu/libreadline.so.8.1)
==32885==    by 0x4881458: readline_internal_setup (in /usr/lib/x86_64-linux-gnu/libreadline.so.8.1)
==32885==    by 0x488BCF8: readline (in /usr/lib/x86_64-linux-gnu/libreadline.so.8.1)
==32885==    by 0x10B833: main (in /home/sebasari/Desktop/myshell/minishell)
==32885== 
==32885== 1,024 bytes in 1 blocks are still reachable in loss record 66 of 100
==32885==    at 0x4848899: malloc (in /usr/libexec/valgrind/vgpreload_memcheck-amd64-linux.so)
==32885==    by 0x48A3BAC: xmalloc (in /usr/lib/x86_64-linux-gnu/libreadline.so.8.1)
==32885==    by 0x488DDC5: ??? (in /usr/lib/x86_64-linux-gnu/libreadline.so.8.1)
==32885==    by 0x4896C7E: rl_redisplay (in /usr/lib/x86_64-linux-gnu/libreadline.so.8.1)
==32885==    by 0x4881458: readline_internal_setup (in /usr/lib/x86_64-linux-gnu/libreadline.so.8.1)
==32885==    by 0x488BCF8: readline (in /usr/lib/x86_64-linux-gnu/libreadline.so.8.1)
==32885==    by 0x10B833: main (in /home/sebasari/Desktop/myshell/minishell)
==32885== 
==32885== 1,024 bytes in 1 blocks are still reachable in loss record 67 of 100
==32885==    at 0x4848899: malloc (in /usr/libexec/valgrind/vgpreload_memcheck-amd64-linux.so)
==32885==    by 0x48A3BAC: xmalloc (in /usr/lib/x86_64-linux-gnu/libreadline.so.8.1)
==32885==    by 0x488DDDA: ??? (in /usr/lib/x86_64-linux-gnu/libreadline.so.8.1)
==32885==    by 0x4896C7E: rl_redisplay (in /usr/lib/x86_64-linux-gnu/libreadline.so.8.1)
==32885==    by 0x4881458: readline_internal_setup (in /usr/lib/x86_64-linux-gnu/libreadline.so.8.1)
==32885==    by 0x488BCF8: readline (in /usr/lib/x86_64-linux-gnu/libreadline.so.8.1)
==32885==    by 0x10B833: main (in /home/sebasari/Desktop/myshell/minishell)
==32885== 
==32885== 1,024 bytes in 1 blocks are still reachable in loss record 68 of 100
==32885==    at 0x4848899: malloc (in /usr/libexec/valgrind/vgpreload_memcheck-amd64-linux.so)
==32885==    by 0x48A3BAC: xmalloc (in /usr/lib/x86_64-linux-gnu/libreadline.so.8.1)
==32885==    by 0x488DDE8: ??? (in /usr/lib/x86_64-linux-gnu/libreadline.so.8.1)
==32885==    by 0x4896C7E: rl_redisplay (in /usr/lib/x86_64-linux-gnu/libreadline.so.8.1)
==32885==    by 0x4881458: readline_internal_setup (in /usr/lib/x86_64-linux-gnu/libreadline.so.8.1)
==32885==    by 0x488BCF8: readline (in /usr/lib/x86_64-linux-gnu/libreadline.so.8.1)
==32885==    by 0x10B833: main (in /home/sebasari/Desktop/myshell/minishell)
==32885== 
==32885== 1,024 bytes in 1 blocks are still reachable in loss record 69 of 100
==32885==    at 0x4848899: malloc (in /usr/libexec/valgrind/vgpreload_memcheck-amd64-linux.so)
==32885==    by 0x48A3BAC: xmalloc (in /usr/lib/x86_64-linux-gnu/libreadline.so.8.1)
==32885==    by 0x488DDF6: ??? (in /usr/lib/x86_64-linux-gnu/libreadline.so.8.1)
==32885==    by 0x4896C7E: rl_redisplay (in /usr/lib/x86_64-linux-gnu/libreadline.so.8.1)
==32885==    by 0x4881458: readline_internal_setup (in /usr/lib/x86_64-linux-gnu/libreadline.so.8.1)
==32885==    by 0x488BCF8: readline (in /usr/lib/x86_64-linux-gnu/libreadline.so.8.1)
==32885==    by 0x10B833: main (in /home/sebasari/Desktop/myshell/minishell)
==32885== 
==32885== 1,536 bytes in 1 blocks are still reachable in loss record 70 of 100
==32885==    at 0x484DCD3: realloc (in /usr/libexec/valgrind/vgpreload_memcheck-amd64-linux.so)
==32885==    by 0x48A4491: xrealloc (in /usr/lib/x86_64-linux-gnu/libreadline.so.8.1)
==32885==    by 0x4881877: rl_add_funmap_entry (in /usr/lib/x86_64-linux-gnu/libreadline.so.8.1)
==32885==    by 0x48818C8: rl_initialize_funmap (in /usr/lib/x86_64-linux-gnu/libreadline.so.8.1)
==32885==    by 0x488BA2C: rl_initialize (in /usr/lib/x86_64-linux-gnu/libreadline.so.8.1)
==32885==    by 0x488BCD4: readline (in /usr/lib/x86_64-linux-gnu/libreadline.so.8.1)
==32885==    by 0x10B833: main (in /home/sebasari/Desktop/myshell/minishell)
==32885== 
==32885== 1,600 bytes in 1 blocks are still reachable in loss record 71 of 100
==32885==    at 0x48487A9: malloc (in /usr/libexec/valgrind/vgpreload_memcheck-amd64-linux.so)
==32885==    by 0x48FBA3E: extend_alias_table (localealias.c:401)
==32885==    by 0x48FBA3E: read_alias_file (localealias.c:313)
==32885==    by 0x48FBBB2: _nl_expand_alias (localealias.c:198)
==32885==    by 0x48F520C: _nl_find_locale (findlocale.c:174)
==32885==    by 0x48F4A90: setlocale (setlocale.c:414)
==32885==    by 0x48F4A90: setlocale (setlocale.c:217)
==32885==    by 0x489DC45: _rl_init_locale (in /usr/lib/x86_64-linux-gnu/libreadline.so.8.1)
==32885==    by 0x489DD2C: _rl_init_eightbit (in /usr/lib/x86_64-linux-gnu/libreadline.so.8.1)
==32885==    by 0x488BA31: rl_initialize (in /usr/lib/x86_64-linux-gnu/libreadline.so.8.1)
==32885==    by 0x488BCD4: readline (in /usr/lib/x86_64-linux-gnu/libreadline.so.8.1)
==32885==    by 0x10B833: main (in /home/sebasari/Desktop/myshell/minishell)
==32885== 
==32885== 1,664 bytes in 1 blocks are still reachable in loss record 72 of 100
==32885==    at 0x4848899: malloc (in /usr/libexec/valgrind/vgpreload_memcheck-amd64-linux.so)
==32885==    by 0x4B01ACD: _nc_read_termtype (in /usr/lib/x86_64-linux-gnu/libtinfo.so.6.3)
==32885==    by 0x4B0252A: ??? (in /usr/lib/x86_64-linux-gnu/libtinfo.so.6.3)
==32885==    by 0x4B04C40: ??? (in /usr/lib/x86_64-linux-gnu/libtinfo.so.6.3)
==32885==    by 0x4B026BB: _nc_read_entry2 (in /usr/lib/x86_64-linux-gnu/libtinfo.so.6.3)
==32885==    by 0x4B02711: ??? (in /usr/lib/x86_64-linux-gnu/libtinfo.so.6.3)
==32885==    by 0x4B02866: _nc_setupterm (in /usr/lib/x86_64-linux-gnu/libtinfo.so.6.3)
==32885==    by 0x4B034C9: tgetent_sp (in /usr/lib/x86_64-linux-gnu/libtinfo.so.6.3)
==32885==    by 0x489F1CD: _rl_init_terminal_io (in /usr/lib/x86_64-linux-gnu/libreadline.so.8.1)
==32885==    by 0x488BA0F: rl_initialize (in /usr/lib/x86_64-linux-gnu/libreadline.so.8.1)
==32885==    by 0x488BCD4: readline (in /usr/lib/x86_64-linux-gnu/libreadline.so.8.1)
==32885==    by 0x10B833: main (in /home/sebasari/Desktop/myshell/minishell)
==32885== 
==32885== 2,032 bytes in 1 blocks are still reachable in loss record 73 of 100
==32885==    at 0x4848899: malloc (in /usr/libexec/valgrind/vgpreload_memcheck-amd64-linux.so)
==32885==    by 0x48A3BAC: xmalloc (in /usr/lib/x86_64-linux-gnu/libreadline.so.8.1)
==32885==    by 0x489F419: _rl_init_terminal_io (in /usr/lib/x86_64-linux-gnu/libreadline.so.8.1)
==32885==    by 0x488BA0F: rl_initialize (in /usr/lib/x86_64-linux-gnu/libreadline.so.8.1)
==32885==    by 0x488BCD4: readline (in /usr/lib/x86_64-linux-gnu/libreadline.so.8.1)
==32885==    by 0x10B833: main (in /home/sebasari/Desktop/myshell/minishell)
==32885== 
==32885== 2,048 bytes in 1 blocks are still reachable in loss record 74 of 100
==32885==    at 0x484DCD3: realloc (in /usr/libexec/valgrind/vgpreload_memcheck-amd64-linux.so)
==32885==    by 0x48FB93D: read_alias_file (localealias.c:333)
==32885==    by 0x48FBBB2: _nl_expand_alias (localealias.c:198)
==32885==    by 0x48F520C: _nl_find_locale (findlocale.c:174)
==32885==    by 0x48F4A90: setlocale (setlocale.c:414)
==32885==    by 0x48F4A90: setlocale (setlocale.c:217)
==32885==    by 0x489DC45: _rl_init_locale (in /usr/lib/x86_64-linux-gnu/libreadline.so.8.1)
==32885==    by 0x489DD2C: _rl_init_eightbit (in /usr/lib/x86_64-linux-gnu/libreadline.so.8.1)
==32885==    by 0x488BA31: rl_initialize (in /usr/lib/x86_64-linux-gnu/libreadline.so.8.1)
==32885==    by 0x488BCD4: readline (in /usr/lib/x86_64-linux-gnu/libreadline.so.8.1)
==32885==    by 0x10B833: main (in /home/sebasari/Desktop/myshell/minishell)
==32885== 
==32885== 2,240 bytes in 140 blocks are still reachable in loss record 75 of 100
==32885==    at 0x4848899: malloc (in /usr/libexec/valgrind/vgpreload_memcheck-amd64-linux.so)
==32885==    by 0x48A3BAC: xmalloc (in /usr/lib/x86_64-linux-gnu/libreadline.so.8.1)
==32885==    by 0x4881822: rl_add_funmap_entry (in /usr/lib/x86_64-linux-gnu/libreadline.so.8.1)
==32885==    by 0x48818C8: rl_initialize_funmap (in /usr/lib/x86_64-linux-gnu/libreadline.so.8.1)
==32885==    by 0x488BA2C: rl_initialize (in /usr/lib/x86_64-linux-gnu/libreadline.so.8.1)
==32885==    by 0x488BCD4: readline (in /usr/lib/x86_64-linux-gnu/libreadline.so.8.1)
==32885==    by 0x10B833: main (in /home/sebasari/Desktop/myshell/minishell)
==32885== 
==32885== 3,904 bytes in 1 blocks are still reachable in loss record 76 of 100
==32885==    at 0x484DCD3: realloc (in /usr/libexec/valgrind/vgpreload_memcheck-amd64-linux.so)
==32885==    by 0x4AF76CC: _nc_doalloc (in /usr/lib/x86_64-linux-gnu/libtinfo.so.6.3)
==32885==    by 0x4B021B5: _nc_read_termtype (in /usr/lib/x86_64-linux-gnu/libtinfo.so.6.3)
==32885==    by 0x4B0252A: ??? (in /usr/lib/x86_64-linux-gnu/libtinfo.so.6.3)
==32885==    by 0x4B04C40: ??? (in /usr/lib/x86_64-linux-gnu/libtinfo.so.6.3)
==32885==    by 0x4B026BB: _nc_read_entry2 (in /usr/lib/x86_64-linux-gnu/libtinfo.so.6.3)
==32885==    by 0x4B02711: ??? (in /usr/lib/x86_64-linux-gnu/libtinfo.so.6.3)
==32885==    by 0x4B02866: _nc_setupterm (in /usr/lib/x86_64-linux-gnu/libtinfo.so.6.3)
==32885==    by 0x4B034C9: tgetent_sp (in /usr/lib/x86_64-linux-gnu/libtinfo.so.6.3)
==32885==    by 0x489F1CD: _rl_init_terminal_io (in /usr/lib/x86_64-linux-gnu/libreadline.so.8.1)
==32885==    by 0x488BA0F: rl_initialize (in /usr/lib/x86_64-linux-gnu/libreadline.so.8.1)
==32885==    by 0x488BCD4: readline (in /usr/lib/x86_64-linux-gnu/libreadline.so.8.1)
==32885== 
==32885== 3,904 bytes in 1 blocks are still reachable in loss record 77 of 100
==32885==    at 0x4848899: malloc (in /usr/libexec/valgrind/vgpreload_memcheck-amd64-linux.so)
==32885==    by 0x4AF6FFF: ??? (in /usr/lib/x86_64-linux-gnu/libtinfo.so.6.3)
==32885==    by 0x4B0287D: _nc_setupterm (in /usr/lib/x86_64-linux-gnu/libtinfo.so.6.3)
==32885==    by 0x4B034C9: tgetent_sp (in /usr/lib/x86_64-linux-gnu/libtinfo.so.6.3)
==32885==    by 0x489F1CD: _rl_init_terminal_io (in /usr/lib/x86_64-linux-gnu/libreadline.so.8.1)
==32885==    by 0x488BA0F: rl_initialize (in /usr/lib/x86_64-linux-gnu/libreadline.so.8.1)
==32885==    by 0x488BCD4: readline (in /usr/lib/x86_64-linux-gnu/libreadline.so.8.1)
==32885==    by 0x10B833: main (in /home/sebasari/Desktop/myshell/minishell)
==32885== 
==32885== 4,016 bytes in 1 blocks are still reachable in loss record 78 of 100
==32885==    at 0x4848899: malloc (in /usr/libexec/valgrind/vgpreload_memcheck-amd64-linux.so)
==32885==    by 0x48A3BAC: xmalloc (in /usr/lib/x86_64-linux-gnu/libreadline.so.8.1)
==32885==    by 0x489CFD6: add_history (in /usr/lib/x86_64-linux-gnu/libreadline.so.8.1)
==32885==    by 0x10B860: main (in /home/sebasari/Desktop/myshell/minishell)
==32885== 
==32885== 4,080 bytes in 1 blocks are still reachable in loss record 79 of 100
==32885==    at 0x4848899: malloc (in /usr/libexec/valgrind/vgpreload_memcheck-amd64-linux.so)
==32885==    by 0x48A3BAC: xmalloc (in /usr/lib/x86_64-linux-gnu/libreadline.so.8.1)
==32885==    by 0x489F3F9: _rl_init_terminal_io (in /usr/lib/x86_64-linux-gnu/libreadline.so.8.1)
==32885==    by 0x488BA0F: rl_initialize (in /usr/lib/x86_64-linux-gnu/libreadline.so.8.1)
==32885==    by 0x488BCD4: readline (in /usr/lib/x86_64-linux-gnu/libreadline.so.8.1)
==32885==    by 0x10B833: main (in /home/sebasari/Desktop/myshell/minishell)
==32885== 
==32885== 4,112 bytes in 1 blocks are still reachable in loss record 80 of 100
==32885==    at 0x4848899: malloc (in /usr/libexec/valgrind/vgpreload_memcheck-amd64-linux.so)
==32885==    by 0x48A3BAC: xmalloc (in /usr/lib/x86_64-linux-gnu/libreadline.so.8.1)
==32885==    by 0x4880251: rl_make_bare_keymap (in /usr/lib/x86_64-linux-gnu/libreadline.so.8.1)
==32885==    by 0x4880B6A: rl_generic_bind (in /usr/lib/x86_64-linux-gnu/libreadline.so.8.1)
==32885==    by 0x488B75D: rl_bind_keyseq_if_unbound_in_map (in /usr/lib/x86_64-linux-gnu/libreadline.so.8.1)
==32885==    by 0x489EDD5: ??? (in /usr/lib/x86_64-linux-gnu/libreadline.so.8.1)
==32885==    by 0x489F31F: _rl_init_terminal_io (in /usr/lib/x86_64-linux-gnu/libreadline.so.8.1)
==32885==    by 0x488BA0F: rl_initialize (in /usr/lib/x86_64-linux-gnu/libreadline.so.8.1)
==32885==    by 0x488BCD4: readline (in /usr/lib/x86_64-linux-gnu/libreadline.so.8.1)
==32885==    by 0x10B833: main (in /home/sebasari/Desktop/myshell/minishell)
==32885== 
==32885== 4,112 bytes in 1 blocks are still reachable in loss record 81 of 100
==32885==    at 0x4848899: malloc (in /usr/libexec/valgrind/vgpreload_memcheck-amd64-linux.so)
==32885==    by 0x48A3BAC: xmalloc (in /usr/lib/x86_64-linux-gnu/libreadline.so.8.1)
==32885==    by 0x4880251: rl_make_bare_keymap (in /usr/lib/x86_64-linux-gnu/libreadline.so.8.1)
==32885==    by 0x4880B6A: rl_generic_bind (in /usr/lib/x86_64-linux-gnu/libreadline.so.8.1)
==32885==    by 0x488B75D: rl_bind_keyseq_if_unbound_in_map (in /usr/lib/x86_64-linux-gnu/libreadline.so.8.1)
==32885==    by 0x489EE5A: ??? (in /usr/lib/x86_64-linux-gnu/libreadline.so.8.1)
==32885==    by 0x489F31F: _rl_init_terminal_io (in /usr/lib/x86_64-linux-gnu/libreadline.so.8.1)
==32885==    by 0x488BA0F: rl_initialize (in /usr/lib/x86_64-linux-gnu/libreadline.so.8.1)
==32885==    by 0x488BCD4: readline (in /usr/lib/x86_64-linux-gnu/libreadline.so.8.1)
==32885==    by 0x10B833: main (in /home/sebasari/Desktop/myshell/minishell)
==32885== 
==32885== 4,112 bytes in 1 blocks are still reachable in loss record 82 of 100
==32885==    at 0x4848899: malloc (in /usr/libexec/valgrind/vgpreload_memcheck-amd64-linux.so)
==32885==    by 0x48A3BAC: xmalloc (in /usr/lib/x86_64-linux-gnu/libreadline.so.8.1)
==32885==    by 0x4880251: rl_make_bare_keymap (in /usr/lib/x86_64-linux-gnu/libreadline.so.8.1)
==32885==    by 0x4880B6A: rl_generic_bind (in /usr/lib/x86_64-linux-gnu/libreadline.so.8.1)
==32885==    by 0x488B75D: rl_bind_keyseq_if_unbound_in_map (in /usr/lib/x86_64-linux-gnu/libreadline.so.8.1)
==32885==    by 0x489EE5A: ??? (in /usr/lib/x86_64-linux-gnu/libreadline.so.8.1)
==32885==    by 0x489F32B: _rl_init_terminal_io (in /usr/lib/x86_64-linux-gnu/libreadline.so.8.1)
==32885==    by 0x488BA0F: rl_initialize (in /usr/lib/x86_64-linux-gnu/libreadline.so.8.1)
==32885==    by 0x488BCD4: readline (in /usr/lib/x86_64-linux-gnu/libreadline.so.8.1)
==32885==    by 0x10B833: main (in /home/sebasari/Desktop/myshell/minishell)
==32885== 
==32885== 4,112 bytes in 1 blocks are still reachable in loss record 83 of 100
==32885==    at 0x4848899: malloc (in /usr/libexec/valgrind/vgpreload_memcheck-amd64-linux.so)
==32885==    by 0x48A3BAC: xmalloc (in /usr/lib/x86_64-linux-gnu/libreadline.so.8.1)
==32885==    by 0x4880251: rl_make_bare_keymap (in /usr/lib/x86_64-linux-gnu/libreadline.so.8.1)
==32885==    by 0x4880B6A: rl_generic_bind (in /usr/lib/x86_64-linux-gnu/libreadline.so.8.1)
==32885==    by 0x488B75D: rl_bind_keyseq_if_unbound_in_map (in /usr/lib/x86_64-linux-gnu/libreadline.so.8.1)
==32885==    by 0x489EE5A: ??? (in /usr/lib/x86_64-linux-gnu/libreadline.so.8.1)
==32885==    by 0x489F337: _rl_init_terminal_io (in /usr/lib/x86_64-linux-gnu/libreadline.so.8.1)
==32885==    by 0x488BA0F: rl_initialize (in /usr/lib/x86_64-linux-gnu/libreadline.so.8.1)
==32885==    by 0x488BCD4: readline (in /usr/lib/x86_64-linux-gnu/libreadline.so.8.1)
==32885==    by 0x10B833: main (in /home/sebasari/Desktop/myshell/minishell)
==32885== 
==32885== 4,112 bytes in 1 blocks are still reachable in loss record 84 of 100
==32885==    at 0x4848899: malloc (in /usr/libexec/valgrind/vgpreload_memcheck-amd64-linux.so)
==32885==    by 0x48A3BAC: xmalloc (in /usr/lib/x86_64-linux-gnu/libreadline.so.8.1)
==32885==    by 0x4880251: rl_make_bare_keymap (in /usr/lib/x86_64-linux-gnu/libreadline.so.8.1)
==32885==    by 0x4880B6A: rl_generic_bind (in /usr/lib/x86_64-linux-gnu/libreadline.so.8.1)
==32885==    by 0x488B75D: rl_bind_keyseq_if_unbound_in_map (in /usr/lib/x86_64-linux-gnu/libreadline.so.8.1)
==32885==    by 0x488B94C: ??? (in /usr/lib/x86_64-linux-gnu/libreadline.so.8.1)
==32885==    by 0x488BA84: rl_initialize (in /usr/lib/x86_64-linux-gnu/libreadline.so.8.1)
==32885==    by 0x488BCD4: readline (in /usr/lib/x86_64-linux-gnu/libreadline.so.8.1)
==32885==    by 0x10B833: main (in /home/sebasari/Desktop/myshell/minishell)
==32885== 
==32885== 4,112 bytes in 1 blocks are still reachable in loss record 85 of 100
==32885==    at 0x4848899: malloc (in /usr/libexec/valgrind/vgpreload_memcheck-amd64-linux.so)
==32885==    by 0x48A3BAC: xmalloc (in /usr/lib/x86_64-linux-gnu/libreadline.so.8.1)
==32885==    by 0x4880251: rl_make_bare_keymap (in /usr/lib/x86_64-linux-gnu/libreadline.so.8.1)
==32885==    by 0x4880B6A: rl_generic_bind (in /usr/lib/x86_64-linux-gnu/libreadline.so.8.1)
==32885==    by 0x488B75D: rl_bind_keyseq_if_unbound_in_map (in /usr/lib/x86_64-linux-gnu/libreadline.so.8.1)
==32885==    by 0x488B94C: ??? (in /usr/lib/x86_64-linux-gnu/libreadline.so.8.1)
==32885==    by 0x488BA93: rl_initialize (in /usr/lib/x86_64-linux-gnu/libreadline.so.8.1)
==32885==    by 0x488BCD4: readline (in /usr/lib/x86_64-linux-gnu/libreadline.so.8.1)
==32885==    by 0x10B833: main (in /home/sebasari/Desktop/myshell/minishell)
==32885== 
==32885== 4,112 bytes in 1 blocks are still reachable in loss record 86 of 100
==32885==    at 0x4848899: malloc (in /usr/libexec/valgrind/vgpreload_memcheck-amd64-linux.so)
==32885==    by 0x48A3BAC: xmalloc (in /usr/lib/x86_64-linux-gnu/libreadline.so.8.1)
==32885==    by 0x4880251: rl_make_bare_keymap (in /usr/lib/x86_64-linux-gnu/libreadline.so.8.1)
==32885==    by 0x4880B6A: rl_generic_bind (in /usr/lib/x86_64-linux-gnu/libreadline.so.8.1)
==32885==    by 0x488B75D: rl_bind_keyseq_if_unbound_in_map (in /usr/lib/x86_64-linux-gnu/libreadline.so.8.1)
==32885==    by 0x488B94C: ??? (in /usr/lib/x86_64-linux-gnu/libreadline.so.8.1)
==32885==    by 0x488BAB8: rl_initialize (in /usr/lib/x86_64-linux-gnu/libreadline.so.8.1)
==32885==    by 0x488BCD4: readline (in /usr/lib/x86_64-linux-gnu/libreadline.so.8.1)
==32885==    by 0x10B833: main (in /home/sebasari/Desktop/myshell/minishell)
==32885== 
==32885== 7,952 bytes in 1 blocks are still reachable in loss record 87 of 100
==32885==    at 0x484DA83: calloc (in /usr/libexec/valgrind/vgpreload_memcheck-amd64-linux.so)
==32885==    by 0x4AF5C97: ??? (in /usr/lib/x86_64-linux-gnu/libtinfo.so.6.3)
==32885==    by 0x4AF73AF: _nc_find_type_entry (in /usr/lib/x86_64-linux-gnu/libtinfo.so.6.3)
==32885==    by 0x4AF9E4C: tgetstr_sp (in /usr/lib/x86_64-linux-gnu/libtinfo.so.6.3)
==32885==    by 0x489F21A: _rl_init_terminal_io (in /usr/lib/x86_64-linux-gnu/libreadline.so.8.1)
==32885==    by 0x488BA0F: rl_initialize (in /usr/lib/x86_64-linux-gnu/libreadline.so.8.1)
==32885==    by 0x488BCD4: readline (in /usr/lib/x86_64-linux-gnu/libreadline.so.8.1)
==32885==    by 0x10B833: main (in /home/sebasari/Desktop/myshell/minishell)
==32885== 
==32885== 8,224 bytes in 2 blocks are still reachable in loss record 88 of 100
==32885==    at 0x4848899: malloc (in /usr/libexec/valgrind/vgpreload_memcheck-amd64-linux.so)
==32885==    by 0x48A3BAC: xmalloc (in /usr/lib/x86_64-linux-gnu/libreadline.so.8.1)
==32885==    by 0x4880251: rl_make_bare_keymap (in /usr/lib/x86_64-linux-gnu/libreadline.so.8.1)
==32885==    by 0x4880B6A: rl_generic_bind (in /usr/lib/x86_64-linux-gnu/libreadline.so.8.1)
==32885==    by 0x488B75D: rl_bind_keyseq_if_unbound_in_map (in /usr/lib/x86_64-linux-gnu/libreadline.so.8.1)
==32885==    by 0x489EE47: ??? (in /usr/lib/x86_64-linux-gnu/libreadline.so.8.1)
==32885==    by 0x489F31F: _rl_init_terminal_io (in /usr/lib/x86_64-linux-gnu/libreadline.so.8.1)
==32885==    by 0x488BA0F: rl_initialize (in /usr/lib/x86_64-linux-gnu/libreadline.so.8.1)
==32885==    by 0x488BCD4: readline (in /usr/lib/x86_64-linux-gnu/libreadline.so.8.1)
==32885==    by 0x10B833: main (in /home/sebasari/Desktop/myshell/minishell)
==32885== 
==32885== 8,224 bytes in 2 blocks are still reachable in loss record 89 of 100
==32885==    at 0x4848899: malloc (in /usr/libexec/valgrind/vgpreload_memcheck-amd64-linux.so)
==32885==    by 0x48A3BAC: xmalloc (in /usr/lib/x86_64-linux-gnu/libreadline.so.8.1)
==32885==    by 0x4880251: rl_make_bare_keymap (in /usr/lib/x86_64-linux-gnu/libreadline.so.8.1)
==32885==    by 0x4880B6A: rl_generic_bind (in /usr/lib/x86_64-linux-gnu/libreadline.so.8.1)
==32885==    by 0x488B75D: rl_bind_keyseq_if_unbound_in_map (in /usr/lib/x86_64-linux-gnu/libreadline.so.8.1)
==32885==    by 0x489EDD5: ??? (in /usr/lib/x86_64-linux-gnu/libreadline.so.8.1)
==32885==    by 0x489F32B: _rl_init_terminal_io (in /usr/lib/x86_64-linux-gnu/libreadline.so.8.1)
==32885==    by 0x488BA0F: rl_initialize (in /usr/lib/x86_64-linux-gnu/libreadline.so.8.1)
==32885==    by 0x488BCD4: readline (in /usr/lib/x86_64-linux-gnu/libreadline.so.8.1)
==32885==    by 0x10B833: main (in /home/sebasari/Desktop/myshell/minishell)
==32885== 
==32885== 8,224 bytes in 2 blocks are still reachable in loss record 90 of 100
==32885==    at 0x4848899: malloc (in /usr/libexec/valgrind/vgpreload_memcheck-amd64-linux.so)
==32885==    by 0x48A3BAC: xmalloc (in /usr/lib/x86_64-linux-gnu/libreadline.so.8.1)
==32885==    by 0x4880251: rl_make_bare_keymap (in /usr/lib/x86_64-linux-gnu/libreadline.so.8.1)
==32885==    by 0x4880B6A: rl_generic_bind (in /usr/lib/x86_64-linux-gnu/libreadline.so.8.1)
==32885==    by 0x488B75D: rl_bind_keyseq_if_unbound_in_map (in /usr/lib/x86_64-linux-gnu/libreadline.so.8.1)
==32885==    by 0x489EE47: ??? (in /usr/lib/x86_64-linux-gnu/libreadline.so.8.1)
==32885==    by 0x489F32B: _rl_init_terminal_io (in /usr/lib/x86_64-linux-gnu/libreadline.so.8.1)
==32885==    by 0x488BA0F: rl_initialize (in /usr/lib/x86_64-linux-gnu/libreadline.so.8.1)
==32885==    by 0x488BCD4: readline (in /usr/lib/x86_64-linux-gnu/libreadline.so.8.1)
==32885==    by 0x10B833: main (in /home/sebasari/Desktop/myshell/minishell)
==32885== 
==32885== 8,224 bytes in 2 blocks are still reachable in loss record 91 of 100
==32885==    at 0x4848899: malloc (in /usr/libexec/valgrind/vgpreload_memcheck-amd64-linux.so)
==32885==    by 0x48A3BAC: xmalloc (in /usr/lib/x86_64-linux-gnu/libreadline.so.8.1)
==32885==    by 0x4880251: rl_make_bare_keymap (in /usr/lib/x86_64-linux-gnu/libreadline.so.8.1)
==32885==    by 0x4880B6A: rl_generic_bind (in /usr/lib/x86_64-linux-gnu/libreadline.so.8.1)
==32885==    by 0x488B75D: rl_bind_keyseq_if_unbound_in_map (in /usr/lib/x86_64-linux-gnu/libreadline.so.8.1)
==32885==    by 0x489EDD5: ??? (in /usr/lib/x86_64-linux-gnu/libreadline.so.8.1)
==32885==    by 0x489F337: _rl_init_terminal_io (in /usr/lib/x86_64-linux-gnu/libreadline.so.8.1)
==32885==    by 0x488BA0F: rl_initialize (in /usr/lib/x86_64-linux-gnu/libreadline.so.8.1)
==32885==    by 0x488BCD4: readline (in /usr/lib/x86_64-linux-gnu/libreadline.so.8.1)
==32885==    by 0x10B833: main (in /home/sebasari/Desktop/myshell/minishell)
==32885== 
==32885== 8,224 bytes in 2 blocks are still reachable in loss record 92 of 100
==32885==    at 0x4848899: malloc (in /usr/libexec/valgrind/vgpreload_memcheck-amd64-linux.so)
==32885==    by 0x48A3BAC: xmalloc (in /usr/lib/x86_64-linux-gnu/libreadline.so.8.1)
==32885==    by 0x4880251: rl_make_bare_keymap (in /usr/lib/x86_64-linux-gnu/libreadline.so.8.1)
==32885==    by 0x4880B6A: rl_generic_bind (in /usr/lib/x86_64-linux-gnu/libreadline.so.8.1)
==32885==    by 0x488B75D: rl_bind_keyseq_if_unbound_in_map (in /usr/lib/x86_64-linux-gnu/libreadline.so.8.1)
==32885==    by 0x489EE47: ??? (in /usr/lib/x86_64-linux-gnu/libreadline.so.8.1)
==32885==    by 0x489F337: _rl_init_terminal_io (in /usr/lib/x86_64-linux-gnu/libreadline.so.8.1)
==32885==    by 0x488BA0F: rl_initialize (in /usr/lib/x86_64-linux-gnu/libreadline.so.8.1)
==32885==    by 0x488BCD4: readline (in /usr/lib/x86_64-linux-gnu/libreadline.so.8.1)
==32885==    by 0x10B833: main (in /home/sebasari/Desktop/myshell/minishell)
==32885== 
==32885== 8,224 bytes in 2 blocks are still reachable in loss record 93 of 100
==32885==    at 0x4848899: malloc (in /usr/libexec/valgrind/vgpreload_memcheck-amd64-linux.so)
==32885==    by 0x48A3BAC: xmalloc (in /usr/lib/x86_64-linux-gnu/libreadline.so.8.1)
==32885==    by 0x4880251: rl_make_bare_keymap (in /usr/lib/x86_64-linux-gnu/libreadline.so.8.1)
==32885==    by 0x4880B6A: rl_generic_bind (in /usr/lib/x86_64-linux-gnu/libreadline.so.8.1)
==32885==    by 0x488B75D: rl_bind_keyseq_if_unbound_in_map (in /usr/lib/x86_64-linux-gnu/libreadline.so.8.1)
==32885==    by 0x488B93D: ??? (in /usr/lib/x86_64-linux-gnu/libreadline.so.8.1)
==32885==    by 0x488BA84: rl_initialize (in /usr/lib/x86_64-linux-gnu/libreadline.so.8.1)
==32885==    by 0x488BCD4: readline (in /usr/lib/x86_64-linux-gnu/libreadline.so.8.1)
==32885==    by 0x10B833: main (in /home/sebasari/Desktop/myshell/minishell)
==32885== 
==32885== 8,224 bytes in 2 blocks are still reachable in loss record 94 of 100
==32885==    at 0x4848899: malloc (in /usr/libexec/valgrind/vgpreload_memcheck-amd64-linux.so)
==32885==    by 0x48A3BAC: xmalloc (in /usr/lib/x86_64-linux-gnu/libreadline.so.8.1)
==32885==    by 0x4880251: rl_make_bare_keymap (in /usr/lib/x86_64-linux-gnu/libreadline.so.8.1)
==32885==    by 0x4880B6A: rl_generic_bind (in /usr/lib/x86_64-linux-gnu/libreadline.so.8.1)
==32885==    by 0x488B75D: rl_bind_keyseq_if_unbound_in_map (in /usr/lib/x86_64-linux-gnu/libreadline.so.8.1)
==32885==    by 0x488B93D: ??? (in /usr/lib/x86_64-linux-gnu/libreadline.so.8.1)
==32885==    by 0x488BA93: rl_initialize (in /usr/lib/x86_64-linux-gnu/libreadline.so.8.1)
==32885==    by 0x488BCD4: readline (in /usr/lib/x86_64-linux-gnu/libreadline.so.8.1)
==32885==    by 0x10B833: main (in /home/sebasari/Desktop/myshell/minishell)
==32885== 
==32885== 8,224 bytes in 2 blocks are still reachable in loss record 95 of 100
==32885==    at 0x4848899: malloc (in /usr/libexec/valgrind/vgpreload_memcheck-amd64-linux.so)
==32885==    by 0x48A3BAC: xmalloc (in /usr/lib/x86_64-linux-gnu/libreadline.so.8.1)
==32885==    by 0x4880251: rl_make_bare_keymap (in /usr/lib/x86_64-linux-gnu/libreadline.so.8.1)
==32885==    by 0x4880B6A: rl_generic_bind (in /usr/lib/x86_64-linux-gnu/libreadline.so.8.1)
==32885==    by 0x488B75D: rl_bind_keyseq_if_unbound_in_map (in /usr/lib/x86_64-linux-gnu/libreadline.so.8.1)
==32885==    by 0x488B93D: ??? (in /usr/lib/x86_64-linux-gnu/libreadline.so.8.1)
==32885==    by 0x488BAB8: rl_initialize (in /usr/lib/x86_64-linux-gnu/libreadline.so.8.1)
==32885==    by 0x488BCD4: readline (in /usr/lib/x86_64-linux-gnu/libreadline.so.8.1)
==32885==    by 0x10B833: main (in /home/sebasari/Desktop/myshell/minishell)
==32885== 
==32885== 8,224 bytes in 2 blocks are still reachable in loss record 96 of 100
==32885==    at 0x4848899: malloc (in /usr/libexec/valgrind/vgpreload_memcheck-amd64-linux.so)
==32885==    by 0x48A3BAC: xmalloc (in /usr/lib/x86_64-linux-gnu/libreadline.so.8.1)
==32885==    by 0x4880251: rl_make_bare_keymap (in /usr/lib/x86_64-linux-gnu/libreadline.so.8.1)
==32885==    by 0x4880B6A: rl_generic_bind (in /usr/lib/x86_64-linux-gnu/libreadline.so.8.1)
==32885==    by 0x488B75D: rl_bind_keyseq_if_unbound_in_map (in /usr/lib/x86_64-linux-gnu/libreadline.so.8.1)
==32885==    by 0x488BAD2: rl_initialize (in /usr/lib/x86_64-linux-gnu/libreadline.so.8.1)
==32885==    by 0x488BCD4: readline (in /usr/lib/x86_64-linux-gnu/libreadline.so.8.1)
==32885==    by 0x10B833: main (in /home/sebasari/Desktop/myshell/minishell)
==32885== 
==32885== 8,224 bytes in 2 blocks are still reachable in loss record 97 of 100
==32885==    at 0x4848899: malloc (in /usr/libexec/valgrind/vgpreload_memcheck-amd64-linux.so)
==32885==    by 0x48A3BAC: xmalloc (in /usr/lib/x86_64-linux-gnu/libreadline.so.8.1)
==32885==    by 0x4880251: rl_make_bare_keymap (in /usr/lib/x86_64-linux-gnu/libreadline.so.8.1)
==32885==    by 0x4880B6A: rl_generic_bind (in /usr/lib/x86_64-linux-gnu/libreadline.so.8.1)
==32885==    by 0x488B75D: rl_bind_keyseq_if_unbound_in_map (in /usr/lib/x86_64-linux-gnu/libreadline.so.8.1)
==32885==    by 0x488BAE1: rl_initialize (in /usr/lib/x86_64-linux-gnu/libreadline.so.8.1)
==32885==    by 0x488BCD4: readline (in /usr/lib/x86_64-linux-gnu/libreadline.so.8.1)
==32885==    by 0x10B833: main (in /home/sebasari/Desktop/myshell/minishell)
==32885== 
==32885== 12,336 bytes in 3 blocks are still reachable in loss record 98 of 100
==32885==    at 0x4848899: malloc (in /usr/libexec/valgrind/vgpreload_memcheck-amd64-linux.so)
==32885==    by 0x48A3BAC: xmalloc (in /usr/lib/x86_64-linux-gnu/libreadline.so.8.1)
==32885==    by 0x4880251: rl_make_bare_keymap (in /usr/lib/x86_64-linux-gnu/libreadline.so.8.1)
==32885==    by 0x4880B6A: rl_generic_bind (in /usr/lib/x86_64-linux-gnu/libreadline.so.8.1)
==32885==    by 0x488B75D: rl_bind_keyseq_if_unbound_in_map (in /usr/lib/x86_64-linux-gnu/libreadline.so.8.1)
==32885==    by 0x488B914: ??? (in /usr/lib/x86_64-linux-gnu/libreadline.so.8.1)
==32885==    by 0x488BA93: rl_initialize (in /usr/lib/x86_64-linux-gnu/libreadline.so.8.1)
==32885==    by 0x488BCD4: readline (in /usr/lib/x86_64-linux-gnu/libreadline.so.8.1)
==32885==    by 0x10B833: main (in /home/sebasari/Desktop/myshell/minishell)
==32885== 
==32885== 12,336 bytes in 3 blocks are still reachable in loss record 99 of 100
==32885==    at 0x4848899: malloc (in /usr/libexec/valgrind/vgpreload_memcheck-amd64-linux.so)
==32885==    by 0x48A3BAC: xmalloc (in /usr/lib/x86_64-linux-gnu/libreadline.so.8.1)
==32885==    by 0x4880251: rl_make_bare_keymap (in /usr/lib/x86_64-linux-gnu/libreadline.so.8.1)
==32885==    by 0x4880B6A: rl_generic_bind (in /usr/lib/x86_64-linux-gnu/libreadline.so.8.1)
==32885==    by 0x488B75D: rl_bind_keyseq_if_unbound_in_map (in /usr/lib/x86_64-linux-gnu/libreadline.so.8.1)
==32885==    by 0x488B914: ??? (in /usr/lib/x86_64-linux-gnu/libreadline.so.8.1)
==32885==    by 0x488BAB8: rl_initialize (in /usr/lib/x86_64-linux-gnu/libreadline.so.8.1)
==32885==    by 0x488BCD4: readline (in /usr/lib/x86_64-linux-gnu/libreadline.so.8.1)
==32885==    by 0x10B833: main (in /home/sebasari/Desktop/myshell/minishell)
==32885== 
==32885== 28,784 bytes in 7 blocks are still reachable in loss record 100 of 100
==32885==    at 0x4848899: malloc (in /usr/libexec/valgrind/vgpreload_memcheck-amd64-linux.so)
==32885==    by 0x48A3BAC: xmalloc (in /usr/lib/x86_64-linux-gnu/libreadline.so.8.1)
==32885==    by 0x4880251: rl_make_bare_keymap (in /usr/lib/x86_64-linux-gnu/libreadline.so.8.1)
==32885==    by 0x4880B6A: rl_generic_bind (in /usr/lib/x86_64-linux-gnu/libreadline.so.8.1)
==32885==    by 0x489199E: rl_parse_and_bind (in /usr/lib/x86_64-linux-gnu/libreadline.so.8.1)
==32885==    by 0x4891B6C: ??? (in /usr/lib/x86_64-linux-gnu/libreadline.so.8.1)
==32885==    by 0x488BA38: rl_initialize (in /usr/lib/x86_64-linux-gnu/libreadline.so.8.1)
==32885==    by 0x488BCD4: readline (in /usr/lib/x86_64-linux-gnu/libreadline.so.8.1)
==32885==    by 0x10B833: main (in /home/sebasari/Desktop/myshell/minishell)
==32885== 
==32885== LEAK SUMMARY:
==32885==    definitely lost: 98 bytes in 9 blocks
==32885==    indirectly lost: 290 bytes in 18 blocks
==32885==      possibly lost: 0 bytes in 0 blocks
==32885==    still reachable: 217,781 bytes in 280 blocks
==32885==         suppressed: 0 bytes in 0 blocks
==32885== 
==32885== ERROR SUMMARY: 4 errors from 4 contexts (suppressed: 0 from 0)
==32885== 
==32885== 1 errors in context 1 of 4:
==32885== Invalid read of size 1
==32885==    at 0x10B804: check_if_empty (in /home/sebasari/Desktop/myshell/minishell)
==32885==    by 0x10B843: main (in /home/sebasari/Desktop/myshell/minishell)
==32885==  Address 0x0 is not stack'd, malloc'd or (recently) free'd
==32885== 
==32885== ERROR SUMMARY: 4 errors from 4 contexts (suppressed: 0 from 0)
